Warning: EasyOCR not available. Text detection will be disabled.
Warning: rembg not available. Background removal will use mask-based method.
✅ 日本語フォント設定完了: DejaVu Sans
🎌 アニメモード: スコア閾値を 0.105 → 0.0735 に調整
🔄 開始: SAMモデル読み込み (RAM: 634.3MB, GPU: 0.0MB)
SAMモデルを読み込み中... (vit_h)
✅ 完了: SAMモデル読み込み (13.51秒, RAM: 776.7MB, GPU: 2509.6MB)
🔄 開始: YOLOモデル読み込み (RAM: 776.7MB, GPU: 2509.6MB)
🎌 アニメモード: より大きなYOLOモデルで検出精度向上を試行します
アニメ用YOLOモデルを試行中... (yolov8x.pt)
✅ アニメ用YOLOモデルを読み込み完了: yolov8x.pt
デバイス: cuda
✅ 完了: YOLOモデル読み込み (0.73秒, RAM: 1038.4MB, GPU: 2509.6MB)
=== システム情報 ===
CPU: 12 コア
RAM: 19.5GB
GPU: NVIDIA GeForce RTX 4070 Ti SUPER
GPU RAM: 16.0GB
====================
🔄 開始: ファイル収集 (RAM: 1038.4MB, GPU: 2509.6MB)
処理対象画像数: 58 (重複除去後)
✅ 完了: ファイル収集 (0.06秒, RAM: 1038.4MB, GPU: 2509.6MB)

進捗: 1/58 - 0001.jpg
🔄 開始: 画像読み込み (RAM: 1038.4MB, GPU: 2509.6MB)
✅ 完了: 画像読み込み (0.10秒, RAM: 1057.5MB, GPU: 2509.6MB)
カラー判定: 最大チャンネル差分=88.496, 閾値=0.01, 結果=カラー
スキップ: カラー画像です - 0001.jpg

進捗: 2/58 - 0002.jpg
🔄 開始: 画像読み込み (RAM: 1041.5MB, GPU: 2509.6MB)
✅ 完了: 画像読み込み (0.01秒, RAM: 1058.9MB, GPU: 2509.6MB)
カラー判定: 最大チャンネル差分=0.192, 閾値=0.01, 結果=カラー
スキップ: カラー画像です - 0002.jpg

進捗: 3/58 - 0003.jpg
🔄 開始: 画像読み込み (RAM: 1041.7MB, GPU: 2509.6MB)
✅ 完了: 画像読み込み (0.12秒, RAM: 1059.0MB, GPU: 2509.6MB)
カラー判定: 最大チャンネル差分=0.000, 閾値=0.01, 結果=グレースケール
🔄 開始: SAMマスク生成 (RAM: 1094.1MB, GPU: 2509.6MB)
SAMでマスクを生成中...
生成されたマスク数: 47
マスク面積統計: 最小=2837, 最大=1972196, 平均=160398
✅ 完了: SAMマスク生成 (51.41秒, RAM: 2009.2MB, GPU: 2541.6MB)
🔄 開始: YOLO人物検出フィルタリング (RAM: 2007.2MB, GPU: 2541.6MB)
YOLOv8で人物検出スコアを計算中...
YOLOv8で47個のマスクを評価開始...
YOLO処理済み: 10/47 (現在のスコア: 0.000)
YOLO処理済み: 20/47 (現在のスコア: 0.066)
YOLO処理済み: 30/47 (現在のスコア: 0.000)
YOLO処理済み: 40/47 (現在のスコア: 0.050)
人物検出スコア >= 0.0735 のマスク数: 6
YOLO検出スコア統計: 最高=0.418, 最低=0.000, 平均=0.037
上位10スコア: ['0.418', '0.192', '0.182', '0.131', '0.122', '0.116', '0.066', '0.053', '0.050', '0.050']
🎌 アニメモード使用中: yolov8x.pt
✅ 完了: YOLO人物検出フィルタリング (1.82秒, RAM: 2014.8MB, GPU: 2805.5MB)
🎯 複数キャラクター検出: 6個 → 複合スコアで最適選択
🎯 複合スコア評価開始 (基準: balanced, 6個のマスク)
   マスク1: 総合=0.433 (面積=0.07, 全身=0.49, 中央=0.67, 接地=0.75, YOLO=0.42)
   マスク2: 総合=0.434 (面積=0.04, 全身=0.58, 中央=0.69, 接地=0.79, YOLO=0.19)
   マスク3: 総合=0.390 (面積=0.09, 全身=0.81, 中央=0.43, 接地=0.37, YOLO=0.18)
   マスク4: 総合=0.518 (面積=0.17, 全身=0.72, 中央=0.64, 接地=0.98, YOLO=0.13)
   マスク5: 総合=0.391 (面積=0.04, 全身=0.39, 中央=0.71, 接地=0.85, YOLO=0.12)
   マスク6: 総合=0.403 (面積=0.14, 全身=0.46, 中央=0.63, 接地=0.73, YOLO=0.12)
✅ 最適マスク選択: 複合スコア 0.518, 品質スコア 0.286
✅ 保存完了: 0003.jpg (品質: 0.286)

進捗: 4/58 - 0004.jpg
🔄 開始: 画像読み込み (RAM: 2014.8MB, GPU: 2805.5MB)
✅ 完了: 画像読み込み (0.09秒, RAM: 2014.8MB, GPU: 2805.5MB)
カラー判定: 最大チャンネル差分=0.000, 閾値=0.01, 結果=グレースケール
🔄 開始: SAMマスク生成 (RAM: 2013.8MB, GPU: 2805.5MB)
SAMでマスクを生成中...
生成されたマスク数: 92
マスク面積統計: 最小=439, 最大=394994, 平均=59933
✅ 完了: SAMマスク生成 (62.61秒, RAM: 2015.6MB, GPU: 2805.5MB)
🔄 開始: YOLO人物検出フィルタリング (RAM: 2015.6MB, GPU: 2805.5MB)
YOLOv8で人物検出スコアを計算中...
YOLOv8で92個のマスクを評価開始...
YOLO処理済み: 10/92 (現在のスコア: 0.312)
YOLO処理済み: 20/92 (現在のスコア: 0.205)
YOLO処理済み: 30/92 (現在のスコア: 0.205)
YOLO処理済み: 40/92 (現在のスコア: 0.030)
YOLO処理済み: 50/92 (現在のスコア: 0.580)
YOLO処理済み: 60/92 (現在のスコア: 0.000)
YOLO処理済み: 70/92 (現在のスコア: 0.062)
YOLO処理済み: 80/92 (現在のスコア: 0.021)
YOLO処理済み: 90/92 (現在のスコア: 0.224)
人物検出スコア >= 0.0735 のマスク数: 44
YOLO検出スコア統計: 最高=0.882, 最低=0.000, 平均=0.146
上位10スコア: ['0.882', '0.860', '0.817', '0.637', '0.580', '0.516', '0.488', '0.462', '0.424', '0.376']
🎌 アニメモード使用中: yolov8x.pt
✅ 完了: YOLO人物検出フィルタリング (2.02秒, RAM: 2015.6MB, GPU: 2805.5MB)
🎯 複数キャラクター検出: 44個 → 複合スコアで最適選択
⚠️ マスク数制限: 44個 → 20個に制限
🎯 複合スコア評価開始 (基準: balanced, 20個のマスク)
   マスク1: 総合=0.430 (面積=0.15, 全身=0.00, 中央=0.73, 接地=1.00, YOLO=0.88)
   マスク2: 総合=0.624 (面積=0.20, 全身=0.78, 中央=0.68, 接地=0.99, YOLO=0.86)
   マスク3: 総合=0.612 (面積=0.21, 全身=0.74, 中央=0.78, 接地=0.85, YOLO=0.82)
   マスク4: 総合=0.432 (面積=0.11, 全身=0.39, 中央=0.73, 接地=0.61, YOLO=0.64)
   マスク5: 総合=0.399 (面積=0.15, 全身=0.36, 中央=0.64, 接地=0.52, YOLO=0.58)
   マスク6: 総合=0.336 (面積=0.11, 全身=0.12, 中央=0.62, 接地=0.64, YOLO=0.52)
   マスク7: 総合=0.471 (面積=0.08, 全身=0.59, 中央=0.66, 接地=0.78, YOLO=0.49)
   マスク8: 総合=0.471 (面積=0.07, 全身=0.64, 中央=0.56, 接地=0.88, YOLO=0.46)
   マスク9: 総合=0.459 (面積=0.13, 全身=0.43, 中央=0.59, 接地=1.00, YOLO=0.42)
   マスク10: 総合=0.399 (面積=0.12, 全身=0.29, 中央=0.67, 接地=0.80, YOLO=0.38)
   マスク11: 総合=0.387 (面積=0.03, 全身=0.43, 中央=0.70, 接地=0.63, YOLO=0.36)
   マスク12: 総合=0.409 (面積=0.06, 全身=0.45, 中央=0.77, 接地=0.61, YOLO=0.34)
   マスク13: 総合=0.426 (面積=0.25, 全身=0.24, 中央=0.69, 接地=0.80, YOLO=0.33)
   マスク14: 総合=0.292 (面積=0.06, 全身=0.00, 中央=0.76, 接地=0.61, YOLO=0.31)
   マスク15: 総合=0.309 (面積=0.04, 全身=0.04, 中央=0.72, 接地=0.75, YOLO=0.31)
   マスク16: 総合=0.538 (面積=0.13, 全身=0.87, 中央=0.61, 接地=0.88, YOLO=0.28)
   マスク17: 総合=0.433 (面積=0.06, 全身=0.54, 中央=0.58, 接地=0.92, YOLO=0.26)
   マスク18: 総合=0.377 (面積=0.27, 全身=0.00, 中央=0.60, 接地=1.00, YOLO=0.26)
   マスク19: 総合=0.457 (面積=0.11, 全身=0.54, 中央=0.57, 接地=0.99, YOLO=0.26)
   マスク20: 総合=0.357 (面積=0.13, 全身=0.09, 中央=0.73, 接地=0.84, YOLO=0.24)
✅ 最適マスク選択: 複合スコア 0.624, 品質スコア 0.765
✅ 保存完了: 0004.jpg (品質: 0.765)

進捗: 5/58 - 0005.jpg
🔄 開始: 画像読み込み (RAM: 2015.6MB, GPU: 2805.5MB)
✅ 完了: 画像読み込み (0.09秒, RAM: 2015.6MB, GPU: 2805.5MB)
カラー判定: 最大チャンネル差分=0.000, 閾値=0.01, 結果=グレースケール
🔄 開始: SAMマスク生成 (RAM: 2015.6MB, GPU: 2805.5MB)
SAMでマスクを生成中...
生成されたマスク数: 82
マスク面積統計: 最小=902, 最大=1059255, 平均=74802
✅ 完了: SAMマスク生成 (35.62秒, RAM: 2019.5MB, GPU: 2805.5MB)
🔄 開始: YOLO人物検出フィルタリング (RAM: 2019.5MB, GPU: 2805.5MB)
YOLOv8で人物検出スコアを計算中...
YOLOv8で82個のマスクを評価開始...
YOLO処理済み: 10/82 (現在のスコア: 0.080)
YOLO処理済み: 20/82 (現在のスコア: 0.280)
YOLO処理済み: 30/82 (現在のスコア: 0.309)
YOLO処理済み: 40/82 (現在のスコア: 0.400)
YOLO処理済み: 50/82 (現在のスコア: 0.060)
YOLO処理済み: 60/82 (現在のスコア: 0.039)
YOLO処理済み: 70/82 (現在のスコア: 0.798)
YOLO処理済み: 80/82 (現在のスコア: 0.034)
人物検出スコア >= 0.0735 のマスク数: 48
YOLO検出スコア統計: 最高=0.893, 最低=0.000, 平均=0.199
上位10スコア: ['0.893', '0.879', '0.862', '0.798', '0.762', '0.752', '0.579', '0.572', '0.500', '0.485']
🎌 アニメモード使用中: yolov8x.pt
✅ 完了: YOLO人物検出フィルタリング (1.54秒, RAM: 2019.5MB, GPU: 2805.5MB)
🎯 複数キャラクター検出: 48個 → 複合スコアで最適選択
⚠️ マスク数制限: 48個 → 20個に制限
🎯 複合スコア評価開始 (基準: balanced, 20個のマスク)
   マスク1: 総合=0.589 (面積=0.15, 全身=0.79, 中央=0.63, 接地=0.87, YOLO=0.89)
   マスク2: 総合=0.435 (面積=0.22, 全身=0.00, 中央=0.66, 接地=1.00, YOLO=0.88)
   マスク3: 総合=0.386 (面積=0.15, 全身=0.00, 中央=0.73, 接地=0.72, YOLO=0.86)
   マスク4: 総合=0.459 (面積=0.16, 全身=0.26, 中央=0.59, 接地=1.00, YOLO=0.80)
   マスク5: 総合=0.348 (面積=0.08, 全身=0.00, 中央=0.57, 接地=0.89, YOLO=0.76)
   マスク6: 総合=0.484 (面積=0.11, 全身=0.44, 中央=0.76, 接地=0.76, YOLO=0.75)
   マスク7: 総合=0.405 (面積=0.20, 全身=0.06, 中央=0.82, 接地=0.74, YOLO=0.58)
   マスク8: 総合=0.405 (面積=0.03, 全身=0.46, 中央=0.36, 接地=1.00, YOLO=0.57)
   マスク9: 総合=0.373 (面積=0.06, 全身=0.32, 中央=0.70, 接地=0.57, YOLO=0.50)
   マスク10: 総合=0.354 (面積=0.12, 全身=0.12, 中央=0.50, 接地=0.93, YOLO=0.48)
   マスク11: 総合=0.429 (面積=0.22, 全身=0.17, 中央=0.63, 接地=0.98, YOLO=0.47)
   マスク12: 総合=0.438 (面積=0.21, 全身=0.33, 中央=0.50, 接地=1.00, YOLO=0.43)
   マスク13: 総合=0.395 (面積=0.08, 全身=0.23, 中央=0.84, 接地=0.72, YOLO=0.40)
   マスク14: 総合=0.470 (面積=0.23, 全身=0.30, 中央=0.97, 接地=0.61, YOLO=0.39)
   マスク15: 総合=0.462 (面積=0.11, 全身=0.52, 中央=0.76, 接地=0.73, YOLO=0.38)
   マスク16: 総合=0.423 (面積=0.07, 全身=0.43, 中央=0.63, 接地=0.87, YOLO=0.37)
   マスク17: 総合=0.314 (面積=0.04, 全身=0.00, 中央=0.75, 接地=0.80, YOLO=0.33)
   マスク18: 総合=0.363 (面積=0.19, 全身=0.00, 中央=0.62, 接地=1.00, YOLO=0.33)
   マスク19: 総合=0.346 (面積=0.06, 全身=0.00, 中央=0.86, 接地=0.83, YOLO=0.33)
   マスク20: 総合=0.457 (面積=0.13, 全身=0.44, 中央=0.92, 接地=0.61, YOLO=0.32)
✅ 最適マスク選択: 複合スコア 0.589, 品質スコア 0.771
✅ 保存完了: 0005.jpg (品質: 0.771)

進捗: 6/58 - 0006.jpg
🔄 開始: 画像読み込み (RAM: 2019.5MB, GPU: 2805.5MB)
✅ 完了: 画像読み込み (0.10秒, RAM: 2019.5MB, GPU: 2805.5MB)
カラー判定: 最大チャンネル差分=0.000, 閾値=0.01, 結果=グレースケール
🔄 開始: SAMマスク生成 (RAM: 2018.5MB, GPU: 2805.5MB)
SAMでマスクを生成中...
生成されたマスク数: 116
マスク面積統計: 最小=1125, 最大=598303, 平均=45091
✅ 完了: SAMマスク生成 (36.91秒, RAM: 2156.2MB, GPU: 2805.5MB)
🔄 開始: YOLO人物検出フィルタリング (RAM: 2156.2MB, GPU: 2805.5MB)
YOLOv8で人物検出スコアを計算中...
YOLOv8で116個のマスクを評価開始...
YOLO処理済み: 10/116 (現在のスコア: 0.373)
YOLO処理済み: 20/116 (現在のスコア: 0.205)
YOLO処理済み: 30/116 (現在のスコア: 0.236)
YOLO処理済み: 40/116 (現在のスコア: 0.012)
YOLO処理済み: 50/116 (現在のスコア: 0.000)
YOLO処理済み: 60/116 (現在のスコア: 0.000)
YOLO処理済み: 70/116 (現在のスコア: 0.105)
YOLO処理済み: 80/116 (現在のスコア: 0.478)
YOLO処理済み: 90/116 (現在のスコア: 0.368)
YOLO処理済み: 100/116 (現在のスコア: 0.384)
YOLO処理済み: 110/116 (現在のスコア: 0.576)
人物検出スコア >= 0.0735 のマスク数: 52
YOLO検出スコア統計: 最高=0.793, 最低=0.000, 平均=0.153
上位10スコア: ['0.793', '0.764', '0.742', '0.630', '0.582', '0.576', '0.560', '0.486', '0.478', '0.448']
🎌 アニメモード使用中: yolov8x.pt
✅ 完了: YOLO人物検出フィルタリング (1.56秒, RAM: 2156.2MB, GPU: 2805.5MB)
🎯 複数キャラクター検出: 52個 → 複合スコアで最適選択
⚠️ マスク数制限: 52個 → 20個に制限
🎯 複合スコア評価開始 (基準: balanced, 20個のマスク)
   マスク1: 総合=0.400 (面積=0.10, 全身=0.13, 中央=0.75, 接地=0.73, YOLO=0.79)
   マスク2: 総合=0.394 (面積=0.11, 全身=0.29, 中央=0.59, 接地=0.64, YOLO=0.76)
   マスク3: 総合=0.685 (面積=0.21, 全身=0.98, 中央=0.82, 接地=0.92, YOLO=0.74)
   マスク4: 総合=0.323 (面積=0.06, 全身=0.03, 中央=0.59, 接地=0.78, YOLO=0.63)
   マスク5: 総合=0.566 (面積=0.23, 全身=0.79, 中央=0.50, 接地=0.93, YOLO=0.58)
   マスク6: 総合=0.352 (面積=0.04, 全身=0.11, 中央=0.66, 接地=0.81, YOLO=0.58)
   マスク7: 総合=0.303 (面積=0.12, 全身=0.23, 中央=0.55, 接地=0.30, YOLO=0.56)
   マスク8: 総合=0.439 (面積=0.03, 全身=0.64, 中央=0.45, 接地=0.87, YOLO=0.49)
   マスク9: 総合=0.388 (面積=0.07, 全身=0.12, 中央=0.86, 接地=0.77, YOLO=0.48)
   マスク10: 総合=0.315 (面積=0.03, 全身=0.00, 中央=0.82, 接地=0.63, YOLO=0.45)
   マスク11: 総合=0.498 (面積=0.07, 全身=0.69, 中央=0.64, 接地=0.87, YOLO=0.44)
   マスク12: 総合=0.409 (面積=0.04, 全身=0.38, 中央=0.72, 接地=0.77, YOLO=0.42)
   マスク13: 総合=0.562 (面積=0.14, 全身=0.92, 中央=0.76, 接地=0.63, YOLO=0.42)
   マスク14: 総合=0.485 (面積=0.22, 全身=0.50, 中央=0.69, 接地=0.77, YOLO=0.39)
   マスク15: 総合=0.417 (面積=0.11, 全身=0.37, 中央=0.51, 接地=1.00, YOLO=0.38)
   マスク16: 総合=0.313 (面積=0.06, 全身=0.22, 中央=0.60, 接地=0.55, YOLO=0.37)
   マスク17: 総合=0.276 (面積=0.05, 全身=0.00, 中央=0.56, 接地=0.75, YOLO=0.37)
   マスク18: 総合=0.326 (面積=0.07, 全身=0.00, 中央=0.78, 接地=0.75, YOLO=0.37)
   マスク19: 総合=0.511 (面積=0.12, 全身=0.53, 中央=0.85, 接地=0.92, YOLO=0.37)
   マスク20: 総合=0.375 (面積=0.04, 全身=0.25, 中央=0.81, 接地=0.68, YOLO=0.37)
✅ 最適マスク選択: 複合スコア 0.685, 品質スコア 0.719
✅ 保存完了: 0006.jpg (品質: 0.719)

進捗: 7/58 - 0007.jpg
🔄 開始: 画像読み込み (RAM: 1989.4MB, GPU: 2805.5MB)
✅ 完了: 画像読み込み (0.09秒, RAM: 1989.4MB, GPU: 2805.5MB)
カラー判定: 最大チャンネル差分=0.000, 閾値=0.01, 結果=グレースケール
🔄 開始: SAMマスク生成 (RAM: 1989.4MB, GPU: 2805.5MB)
SAMでマスクを生成中...
生成されたマスク数: 106
マスク面積統計: 最小=771, 最大=497837, 平均=53276
✅ 完了: SAMマスク生成 (34.23秒, RAM: 2118.0MB, GPU: 2805.5MB)
🔄 開始: YOLO人物検出フィルタリング (RAM: 2118.0MB, GPU: 2805.5MB)
YOLOv8で人物検出スコアを計算中...
YOLOv8で106個のマスクを評価開始...
YOLO処理済み: 10/106 (現在のスコア: 0.000)
YOLO処理済み: 20/106 (現在のスコア: 0.078)
YOLO処理済み: 30/106 (現在のスコア: 0.045)
YOLO処理済み: 40/106 (現在のスコア: 0.000)
YOLO処理済み: 50/106 (現在のスコア: 0.099)
YOLO処理済み: 60/106 (現在のスコア: 0.000)
YOLO処理済み: 70/106 (現在のスコア: 0.326)
YOLO処理済み: 80/106 (現在のスコア: 0.000)
YOLO処理済み: 90/106 (現在のスコア: 0.012)
YOLO処理済み: 100/106 (現在のスコア: 0.034)
人物検出スコア >= 0.0735 のマスク数: 49
YOLO検出スコア統計: 最高=0.787, 最低=0.000, 平均=0.126
上位10スコア: ['0.787', '0.765', '0.734', '0.528', '0.505', '0.480', '0.456', '0.453', '0.439', '0.404']
🎌 アニメモード使用中: yolov8x.pt
✅ 完了: YOLO人物検出フィルタリング (1.76秒, RAM: 2118.0MB, GPU: 2805.5MB)
🎯 複数キャラクター検出: 49個 → 複合スコアで最適選択
⚠️ マスク数制限: 49個 → 20個に制限
🎯 複合スコア評価開始 (基準: balanced, 20個のマスク)
   マスク1: 総合=0.463 (面積=0.09, 全身=0.52, 中央=0.52, 接地=0.82, YOLO=0.79)
   マスク2: 総合=0.460 (面積=0.13, 全身=0.56, 中央=0.65, 接地=0.48, YOLO=0.76)
   マスク3: 総合=0.395 (面積=0.04, 全身=0.25, 中央=0.74, 接地=0.65, YOLO=0.73)
   マスク4: 総合=0.335 (面積=0.13, 全身=0.00, 中央=0.48, 接地=0.99, YOLO=0.53)
   マスク5: 総合=0.463 (面積=0.15, 全身=0.49, 中央=0.65, 接地=0.77, YOLO=0.51)
   マスク6: 総合=0.411 (面積=0.16, 全身=0.60, 中央=0.52, 接地=0.41, YOLO=0.48)
   マスク7: 総合=0.435 (面積=0.07, 全身=0.47, 中央=0.74, 接地=0.70, YOLO=0.46)
   マスク8: 総合=0.620 (面積=0.41, 全身=0.75, 中央=0.58, 接地=1.00, YOLO=0.45)
   マスク9: 総合=0.430 (面積=0.05, 全身=0.66, 中央=0.69, 接地=0.45, YOLO=0.44)
   マスク10: 総合=0.297 (面積=0.04, 全身=0.00, 中央=0.47, 接地=1.00, YOLO=0.40)
   マスク11: 総合=0.274 (面積=0.05, 全身=0.00, 中央=0.73, 接地=0.49, YOLO=0.38)
   マスク12: 総合=0.289 (面積=0.06, 全身=0.48, 中央=0.39, 接地=0.23, YOLO=0.38)
   マスク13: 総合=0.312 (面積=0.12, 全身=0.27, 中央=0.61, 接地=0.35, YOLO=0.35)
   マスク14: 総合=0.386 (面積=0.04, 全身=0.44, 中央=0.52, 接地=0.86, YOLO=0.33)
   マスク15: 総合=0.396 (面積=0.18, 全身=0.43, 中央=0.64, 接地=0.49, YOLO=0.33)
   マスク16: 総合=0.508 (面積=0.22, 全身=0.52, 中央=0.81, 接地=0.80, YOLO=0.32)
   マスク17: 総合=0.273 (面積=0.13, 全身=0.00, 中央=0.60, 接地=0.57, YOLO=0.27)
   マスク18: 総合=0.171 (面積=0.08, 全身=0.00, 中央=0.44, 接地=0.23, YOLO=0.26)
   マスク19: 総合=0.284 (面積=0.17, 全身=0.00, 中央=0.63, 接地=0.57, YOLO=0.22)
   マスク20: 総合=0.456 (面積=0.13, 全身=0.43, 中央=0.83, 接地=0.80, YOLO=0.22)
✅ 最適マスク選択: 複合スコア 0.620, 品質スコア 0.520
✅ 保存完了: 0007.jpg (品質: 0.520)

進捗: 8/58 - 0008.jpg
🔄 開始: 画像読み込み (RAM: 2118.0MB, GPU: 2805.5MB)
✅ 完了: 画像読み込み (0.08秒, RAM: 2118.0MB, GPU: 2805.5MB)
カラー判定: 最大チャンネル差分=0.000, 閾値=0.01, 結果=グレースケール
🔄 開始: SAMマスク生成 (RAM: 2118.0MB, GPU: 2805.5MB)
SAMでマスクを生成中...
生成されたマスク数: 98
マスク面積統計: 最小=651, 最大=503940, 平均=49971
✅ 完了: SAMマスク生成 (36.75秒, RAM: 2118.0MB, GPU: 2805.5MB)
🔄 開始: YOLO人物検出フィルタリング (RAM: 2118.0MB, GPU: 2805.5MB)
YOLOv8で人物検出スコアを計算中...
YOLOv8で98個のマスクを評価開始...
YOLO処理済み: 10/98 (現在のスコア: 0.052)
YOLO処理済み: 20/98 (現在のスコア: 0.012)
YOLO処理済み: 30/98 (現在のスコア: 0.031)
YOLO処理済み: 40/98 (現在のスコア: 0.181)
YOLO処理済み: 50/98 (現在のスコア: 0.012)
YOLO処理済み: 60/98 (現在のスコア: 0.025)
YOLO処理済み: 70/98 (現在のスコア: 0.189)
YOLO処理済み: 80/98 (現在のスコア: 0.000)
YOLO処理済み: 90/98 (現在のスコア: 0.031)
人物検出スコア >= 0.0735 のマスク数: 32
YOLO検出スコア統計: 最高=0.669, 最低=0.000, 平均=0.096
上位10スコア: ['0.669', '0.614', '0.577', '0.534', '0.487', '0.486', '0.362', '0.356', '0.341', '0.320']
🎌 アニメモード使用中: yolov8x.pt
✅ 完了: YOLO人物検出フィルタリング (1.43秒, RAM: 2118.0MB, GPU: 2805.5MB)
🎯 複数キャラクター検出: 32個 → 複合スコアで最適選択
⚠️ マスク数制限: 32個 → 20個に制限
🎯 複合スコア評価開始 (基準: balanced, 20個のマスク)
   マスク1: 総合=0.386 (面積=0.18, 全身=0.06, 中央=0.67, 接地=0.77, YOLO=0.67)
   マスク2: 総合=0.301 (面積=0.24, 全身=0.00, 中央=0.57, 接地=0.35, YOLO=0.61)
   マスク3: 総合=0.328 (面積=0.05, 全身=0.27, 中央=0.61, 接地=0.44, YOLO=0.58)
   マスク4: 総合=0.337 (面積=0.11, 全身=0.00, 中央=0.50, 接地=1.00, YOLO=0.53)
   マスク5: 総合=0.439 (面積=0.04, 全身=0.45, 中央=0.79, 接地=0.71, YOLO=0.49)
   マスク6: 総合=0.484 (面積=0.11, 全身=0.55, 中央=0.67, 接地=0.87, YOLO=0.49)
   マスク7: 総合=0.223 (面積=0.14, 全身=0.00, 中央=0.53, 接地=0.27, YOLO=0.36)
   マスク8: 総合=0.287 (面積=0.10, 全身=0.00, 中央=0.65, 接地=0.60, YOLO=0.36)
   マスク9: 総合=0.310 (面積=0.06, 全身=0.39, 中央=0.51, 接地=0.40, YOLO=0.34)
   マスク10: 総合=0.322 (面積=0.01, 全身=0.63, 中央=0.54, 接地=0.14, YOLO=0.32)
   マスク11: 総合=0.289 (面積=0.01, 全身=0.41, 中央=0.48, 接地=0.39, YOLO=0.28)
   マスク12: 総合=0.241 (面積=0.02, 全身=0.00, 中央=0.50, 接地=0.73, YOLO=0.25)
   マスク13: 総合=0.381 (面積=0.03, 全身=0.58, 中央=0.64, 接地=0.48, YOLO=0.24)
   マスク14: 総合=0.408 (面積=0.00, 全身=0.99, 中央=0.51, 接地=0.23, YOLO=0.22)
   マスク15: 総合=0.288 (面積=0.04, 全身=0.00, 中央=0.53, 接地=1.00, YOLO=0.21)
   マスク16: 総合=0.419 (面積=0.19, 全身=0.47, 中央=0.65, 接地=0.65, YOLO=0.19)
   マスク17: 総合=0.501 (面積=0.11, 全身=0.58, 中央=0.84, 接地=0.93, YOLO=0.18)
   マスク18: 総合=0.459 (面積=0.03, 全身=0.48, 中央=0.93, 接地=0.83, YOLO=0.18)
   マスク19: 総合=0.411 (面積=0.07, 全身=0.42, 中央=0.60, 接地=1.00, YOLO=0.17)
   マスク20: 総合=0.372 (面積=0.07, 全身=0.68, 中央=0.47, 接地=0.48, YOLO=0.17)
✅ 最適マスク選択: 複合スコア 0.501, 品質スコア 0.309
✅ 保存完了: 0008.jpg (品質: 0.309)

進捗: 9/58 - 0009.jpg
🔄 開始: 画像読み込み (RAM: 2009.9MB, GPU: 2805.5MB)
✅ 完了: 画像読み込み (0.08秒, RAM: 2009.9MB, GPU: 2805.5MB)
カラー判定: 最大チャンネル差分=0.000, 閾値=0.01, 結果=グレースケール
🔄 開始: SAMマスク生成 (RAM: 2009.9MB, GPU: 2805.5MB)
SAMでマスクを生成中...
生成されたマスク数: 98
マスク面積統計: 最小=1145, 最大=590614, 平均=51576
✅ 完了: SAMマスク生成 (30.68秒, RAM: 2036.1MB, GPU: 2805.5MB)
🔄 開始: YOLO人物検出フィルタリング (RAM: 2036.1MB, GPU: 2805.5MB)
YOLOv8で人物検出スコアを計算中...
YOLOv8で98個のマスクを評価開始...
YOLO処理済み: 10/98 (現在のスコア: 0.039)
YOLO処理済み: 20/98 (現在のスコア: 0.029)
YOLO処理済み: 30/98 (現在のスコア: 0.028)
YOLO処理済み: 40/98 (現在のスコア: 0.012)
YOLO処理済み: 50/98 (現在のスコア: 0.258)
YOLO処理済み: 60/98 (現在のスコア: 0.094)
YOLO処理済み: 70/98 (現在のスコア: 0.483)
YOLO処理済み: 80/98 (現在のスコア: 0.287)
YOLO処理済み: 90/98 (現在のスコア: 0.012)
人物検出スコア >= 0.0735 のマスク数: 56
YOLO検出スコア統計: 最高=0.815, 最低=0.000, 平均=0.203
上位10スコア: ['0.815', '0.742', '0.731', '0.711', '0.687', '0.676', '0.662', '0.591', '0.582', '0.568']
🎌 アニメモード使用中: yolov8x.pt
✅ 完了: YOLO人物検出フィルタリング (1.63秒, RAM: 2036.1MB, GPU: 2805.5MB)
🎯 複数キャラクター検出: 56個 → 複合スコアで最適選択
⚠️ マスク数制限: 56個 → 20個に制限
🎯 複合スコア評価開始 (基準: balanced, 20個のマスク)
   マスク1: 総合=0.450 (面積=0.13, 全身=0.26, 中央=0.76, 接地=0.75, YOLO=0.81)
   マスク2: 総合=0.235 (面積=0.06, 全身=0.09, 中央=0.45, 接地=0.20, YOLO=0.74)
   マスク3: 総合=0.632 (面積=0.25, 全身=0.90, 中央=0.55, 接地=1.00, YOLO=0.73)
   マスク4: 総合=0.337 (面積=0.04, 全身=0.00, 中央=0.74, 接地=0.70, YOLO=0.71)
   マスク5: 総合=0.294 (面積=0.14, 全身=0.11, 中央=0.55, 接地=0.31, YOLO=0.69)
   マスク6: 総合=0.363 (面積=0.09, 全身=0.35, 中央=0.57, 接地=0.46, YOLO=0.68)
   マスク7: 総合=0.432 (面積=0.11, 全身=0.44, 中央=0.61, 接地=0.68, YOLO=0.66)
   マスク8: 総合=0.393 (面積=0.07, 全身=0.34, 中央=0.61, 接地=0.70, YOLO=0.59)
   マスク9: 総合=0.434 (面積=0.03, 全身=0.45, 中央=0.69, 接地=0.75, YOLO=0.58)
   マスク10: 総合=0.474 (面積=0.15, 全身=0.32, 中央=0.93, 接地=0.71, YOLO=0.57)
   マスク11: 総合=0.342 (面積=0.06, 全身=0.10, 中央=0.74, 接地=0.65, YOLO=0.55)
   マスク12: 総合=0.435 (面積=0.07, 全身=0.42, 中央=0.72, 接地=0.75, YOLO=0.53)
   マスク13: 総合=0.386 (面積=0.06, 全身=0.27, 中央=0.69, 接地=0.74, YOLO=0.52)
   マスク14: 総合=0.452 (面積=0.07, 全身=0.60, 中央=0.59, 接地=0.74, YOLO=0.52)
   マスク15: 総合=0.369 (面積=0.21, 全身=0.08, 中央=0.67, 接地=0.67, YOLO=0.51)
   マスク16: 総合=0.340 (面積=0.22, 全身=0.18, 中央=0.56, 接地=0.45, YOLO=0.48)
   マスク17: 総合=0.331 (面積=0.04, 全身=0.00, 中央=0.80, 接地=0.75, YOLO=0.48)
   マスク18: 総合=0.492 (面積=0.10, 全身=0.70, 中央=0.59, 接地=0.81, YOLO=0.46)
   マスク19: 総合=0.355 (面積=0.21, 全身=0.00, 中央=0.70, 接地=0.75, YOLO=0.39)
   マスク20: 総合=0.317 (面積=0.03, 全身=0.00, 中央=0.80, 接地=0.74, YOLO=0.39)
✅ 最適マスク選択: 複合スコア 0.632, 品質スコア 0.691
✅ 保存完了: 0009.jpg (品質: 0.691)

進捗: 10/58 - 0010.jpg
🔄 開始: 画像読み込み (RAM: 2036.1MB, GPU: 2805.5MB)
✅ 完了: 画像読み込み (0.07秒, RAM: 2036.1MB, GPU: 2805.5MB)
カラー判定: 最大チャンネル差分=0.000, 閾値=0.01, 結果=グレースケール
🔄 開始: SAMマスク生成 (RAM: 2036.1MB, GPU: 2805.5MB)
SAMでマスクを生成中...
生成されたマスク数: 86
マスク面積統計: 最小=678, 最大=398519, 平均=57039
✅ 完了: SAMマスク生成 (38.44秒, RAM: 2036.1MB, GPU: 2805.5MB)
🔄 開始: YOLO人物検出フィルタリング (RAM: 2036.1MB, GPU: 2805.5MB)
YOLOv8で人物検出スコアを計算中...
YOLOv8で86個のマスクを評価開始...
YOLO処理済み: 10/86 (現在のスコア: 0.000)
YOLO処理済み: 20/86 (現在のスコア: 0.000)
YOLO処理済み: 30/86 (現在のスコア: 0.043)
YOLO処理済み: 40/86 (現在のスコア: 0.391)
YOLO処理済み: 50/86 (現在のスコア: 0.044)
YOLO処理済み: 60/86 (現在のスコア: 0.000)
YOLO処理済み: 70/86 (現在のスコア: 0.000)
YOLO処理済み: 80/86 (現在のスコア: 0.000)
人物検出スコア >= 0.0735 のマスク数: 36
YOLO検出スコア統計: 最高=0.724, 最低=0.000, 平均=0.127
上位10スコア: ['0.724', '0.718', '0.654', '0.546', '0.521', '0.492', '0.465', '0.451', '0.417', '0.391']
🎌 アニメモード使用中: yolov8x.pt
✅ 完了: YOLO人物検出フィルタリング (1.10秒, RAM: 2036.1MB, GPU: 2805.5MB)
🎯 複数キャラクター検出: 36個 → 複合スコアで最適選択
⚠️ マスク数制限: 36個 → 20個に制限
🎯 複合スコア評価開始 (基準: balanced, 20個のマスク)
   マスク1: 総合=0.552 (面積=0.33, 全身=0.43, 中央=0.72, 接地=0.87, YOLO=0.72)
   マスク2: 総合=0.518 (面積=0.16, 全身=0.66, 中央=0.72, 接地=0.60, YOLO=0.72)
   マスク3: 総合=0.549 (面積=0.15, 全身=0.89, 中央=0.54, 接地=0.73, YOLO=0.65)
   マスク4: 総合=0.425 (面積=0.05, 全身=0.55, 中央=0.63, 接地=0.60, YOLO=0.55)
   マスク5: 総合=0.286 (面積=0.06, 全身=0.00, 中央=0.69, 接地=0.51, YOLO=0.52)
   マスク6: 総合=0.191 (面積=0.07, 全身=0.00, 中央=0.43, 接地=0.22, YOLO=0.49)
   マスク7: 総合=0.203 (面積=0.04, 全身=0.00, 中央=0.48, 接地=0.33, YOLO=0.47)
   マスク8: 総合=0.461 (面積=0.21, 全身=0.40, 中央=0.70, 接地=0.74, YOLO=0.45)
   マスク9: 総合=0.473 (面積=0.08, 全身=0.58, 中央=0.65, 接地=0.86, YOLO=0.42)
   マスク10: 総合=0.398 (面積=0.20, 全身=0.04, 中央=0.84, 接地=0.81, YOLO=0.39)
   マスク11: 総合=0.379 (面積=0.26, 全身=0.00, 中央=0.74, 接地=0.78, YOLO=0.37)
   マスク12: 総合=0.334 (面積=0.07, 全身=0.18, 中央=0.74, 接地=0.60, YOLO=0.32)
   マスク13: 総合=0.455 (面積=0.13, 全身=0.48, 中央=0.75, 接地=0.76, YOLO=0.32)
   マスク14: 総合=0.372 (面積=0.13, 全身=0.21, 中央=0.73, 接地=0.70, YOLO=0.30)
   マスク15: 総合=0.355 (面積=0.10, 全身=0.00, 中央=0.79, 接地=0.92, YOLO=0.29)
   マスク16: 総合=0.401 (面積=0.17, 全身=0.08, 中央=0.77, 接地=1.00, YOLO=0.28)
   マスク17: 総合=0.589 (面積=0.26, 全身=0.80, 中央=0.67, 接地=1.00, YOLO=0.27)
   マスク18: 総合=0.143 (面積=0.02, 全身=0.00, 中央=0.37, 接地=0.25, YOLO=0.26)
   マスク19: 総合=0.381 (面積=0.05, 全身=0.80, 中央=0.53, 接地=0.25, YOLO=0.23)
   マスク20: 総合=0.238 (面積=0.20, 全身=0.00, 中央=0.54, 接地=0.34, YOLO=0.20)
✅ 最適マスク選択: 複合スコア 0.589, 品質スコア 0.400
✅ 保存完了: 0010.jpg (品質: 0.400)

進捗: 11/58 - 0011.jpg
🔄 開始: 画像読み込み (RAM: 2036.1MB, GPU: 2805.5MB)
✅ 完了: 画像読み込み (0.08秒, RAM: 2036.1MB, GPU: 2805.5MB)
カラー判定: 最大チャンネル差分=0.000, 閾値=0.01, 結果=グレースケール
🔄 開始: SAMマスク生成 (RAM: 2036.1MB, GPU: 2805.5MB)
SAMでマスクを生成中...
生成されたマスク数: 99
マスク面積統計: 最小=1958, 最大=873658, 平均=54553
✅ 完了: SAMマスク生成 (73.00秒, RAM: 2045.3MB, GPU: 2805.5MB)
🔄 開始: YOLO人物検出フィルタリング (RAM: 2045.3MB, GPU: 2805.5MB)
YOLOv8で人物検出スコアを計算中...
YOLOv8で99個のマスクを評価開始...
YOLO処理済み: 10/99 (現在のスコア: 0.000)
YOLO処理済み: 20/99 (現在のスコア: 0.000)
YOLO処理済み: 30/99 (現在のスコア: 0.000)
YOLO処理済み: 40/99 (現在のスコア: 0.033)
YOLO処理済み: 50/99 (現在のスコア: 0.043)
YOLO処理済み: 60/99 (現在のスコア: 0.017)
YOLO処理済み: 70/99 (現在のスコア: 0.064)
YOLO処理済み: 80/99 (現在のスコア: 0.015)
YOLO処理済み: 90/99 (現在のスコア: 0.050)
人物検出スコア >= 0.0735 のマスク数: 44
YOLO検出スコア統計: 最高=0.736, 最低=0.000, 平均=0.158
上位10スコア: ['0.736', '0.722', '0.691', '0.611', '0.604', '0.566', '0.543', '0.540', '0.503', '0.501']
🎌 アニメモード使用中: yolov8x.pt
✅ 完了: YOLO人物検出フィルタリング (1.79秒, RAM: 2045.3MB, GPU: 2805.5MB)
🎯 複数キャラクター検出: 44個 → 複合スコアで最適選択
⚠️ マスク数制限: 44個 → 20個に制限
🎯 複合スコア評価開始 (基準: balanced, 20個のマスク)
   マスク1: 総合=0.505 (面積=0.10, 全身=0.84, 中央=0.59, 接地=0.50, YOLO=0.74)
   マスク2: 総合=0.374 (面積=0.15, 全身=0.31, 中央=0.59, 接地=0.41, YOLO=0.72)
   マスク3: 総合=0.296 (面積=0.04, 全身=0.01, 中央=0.69, 接地=0.50, YOLO=0.69)
   マスク4: 総合=0.315 (面積=0.06, 全身=0.44, 中央=0.41, 接地=0.27, YOLO=0.61)
   マスク5: 総合=0.325 (面積=0.05, 全身=0.48, 中央=0.49, 接地=0.21, YOLO=0.60)
   マスク6: 総合=0.439 (面積=0.14, 全身=0.23, 中央=0.80, 接地=0.81, YOLO=0.57)
   マスク7: 総合=0.364 (面積=0.14, 全身=0.06, 中央=0.73, 接地=0.71, YOLO=0.54)
   マスク8: 総合=0.323 (面積=0.06, 全身=0.33, 中央=0.50, 接地=0.45, YOLO=0.54)
   マスク9: 総合=0.336 (面積=0.01, 全身=0.15, 中央=0.61, 接地=0.81, YOLO=0.50)
   マスク10: 総合=0.291 (面積=0.04, 全身=0.00, 中央=0.39, 接地=1.00, YOLO=0.50)
   マスク11: 総合=0.403 (面積=0.14, 全身=0.37, 中央=0.66, 接地=0.62, YOLO=0.46)
   マスク12: 総合=0.421 (面積=0.12, 全身=0.36, 中央=0.74, 接地=0.70, YOLO=0.44)
   マスク13: 総合=0.285 (面積=0.10, 全身=0.00, 中央=0.66, 接地=0.53, YOLO=0.43)
   マスク14: 総合=0.336 (面積=0.10, 全身=0.00, 中央=0.73, 接地=0.80, YOLO=0.43)
   マスク15: 総合=0.561 (面積=0.09, 全身=0.63, 中央=0.98, 接地=0.94, YOLO=0.39)
   マスク16: 総合=0.456 (面積=0.15, 全身=0.36, 中央=0.75, 接地=0.87, YOLO=0.38)
   マスク17: 総合=0.484 (面積=0.21, 全身=0.55, 中央=0.63, 接地=0.81, YOLO=0.38)
   マスク18: 総合=0.290 (面積=0.06, 全身=0.06, 中央=0.62, 接地=0.63, YOLO=0.36)
   マスク19: 総合=0.231 (面積=0.01, 全身=0.00, 中央=0.67, 接地=0.39, YOLO=0.35)
   マスク20: 総合=0.385 (面積=0.06, 全身=0.70, 中央=0.54, 接地=0.34, YOLO=0.34)
✅ 最適マスク選択: 複合スコア 0.561, 品質スコア 0.460
✅ 保存完了: 0011.jpg (品質: 0.460)

進捗: 12/58 - 0012.jpg
🔄 開始: 画像読み込み (RAM: 1990.0MB, GPU: 2805.5MB)
✅ 完了: 画像読み込み (0.08秒, RAM: 1990.0MB, GPU: 2805.5MB)
カラー判定: 最大チャンネル差分=0.000, 閾値=0.01, 結果=グレースケール
🔄 開始: SAMマスク生成 (RAM: 1990.0MB, GPU: 2805.5MB)
SAMでマスクを生成中...
生成されたマスク数: 106
マスク面積統計: 最小=2157, 最大=381048, 平均=42108
✅ 完了: SAMマスク生成 (64.96秒, RAM: 2067.3MB, GPU: 2805.5MB)
🔄 開始: YOLO人物検出フィルタリング (RAM: 2067.3MB, GPU: 2805.5MB)
YOLOv8で人物検出スコアを計算中...
YOLOv8で106個のマスクを評価開始...
YOLO処理済み: 10/106 (現在のスコア: 0.014)
YOLO処理済み: 20/106 (現在のスコア: 0.029)
YOLO処理済み: 30/106 (現在のスコア: 0.000)
YOLO処理済み: 40/106 (現在のスコア: 0.000)
YOLO処理済み: 50/106 (現在のスコア: 0.000)
YOLO処理済み: 60/106 (現在のスコア: 0.000)
YOLO処理済み: 70/106 (現在のスコア: 0.000)
YOLO処理済み: 80/106 (現在のスコア: 0.019)
YOLO処理済み: 90/106 (現在のスコア: 0.575)
YOLO処理済み: 100/106 (現在のスコア: 0.114)
人物検出スコア >= 0.0735 のマスク数: 32
YOLO検出スコア統計: 最高=0.616, 最低=0.000, 平均=0.084
上位10スコア: ['0.616', '0.575', '0.543', '0.499', '0.457', '0.454', '0.390', '0.317', '0.306', '0.295']
🎌 アニメモード使用中: yolov8x.pt
✅ 完了: YOLO人物検出フィルタリング (1.62秒, RAM: 2067.3MB, GPU: 2805.5MB)
🎯 複数キャラクター検出: 32個 → 複合スコアで最適選択
⚠️ マスク数制限: 32個 → 20個に制限
🎯 複合スコア評価開始 (基準: balanced, 20個のマスク)
   マスク1: 総合=0.490 (面積=0.15, 全身=0.33, 中央=0.77, 接地=0.98, YOLO=0.62)
   マスク2: 総合=0.371 (面積=0.13, 全身=0.05, 中央=0.56, 接地=1.00, YOLO=0.57)
   マスク3: 総合=0.393 (面積=0.06, 全身=0.19, 中央=0.76, 接地=0.81, YOLO=0.54)
   マスク4: 総合=0.227 (面積=0.06, 全身=0.00, 中央=0.52, 接地=0.37, YOLO=0.50)
   マスク5: 総合=0.341 (面積=0.15, 全身=0.00, 中央=0.50, 接地=1.00, YOLO=0.46)
   マスク6: 総合=0.313 (面積=0.05, 全身=0.50, 中央=0.42, 接地=0.30, YOLO=0.45)
   マスク7: 総合=0.468 (面積=0.14, 全身=0.46, 中央=0.85, 接地=0.67, YOLO=0.39)
   マスク8: 総合=0.355 (面積=0.21, 全身=0.00, 中央=0.60, 接地=0.93, YOLO=0.32)
   マスク9: 総合=0.314 (面積=0.07, 全身=0.00, 中央=0.66, 接地=0.87, YOLO=0.31)
   マスク10: 総合=0.308 (面積=0.07, 全身=0.12, 中央=0.49, 接地=0.86, YOLO=0.29)
   マスク11: 総合=0.522 (面積=0.05, 全身=0.65, 中央=0.91, 接地=0.89, YOLO=0.27)
   マスク12: 総合=0.417 (面積=0.31, 全身=0.20, 中央=0.76, 接地=0.67, YOLO=0.22)
   マスク13: 総合=0.306 (面積=0.11, 全身=0.00, 中央=0.70, 接地=0.74, YOLO=0.21)
   マスク14: 総合=0.489 (面積=0.02, 全身=0.71, 中央=0.85, 接地=0.76, YOLO=0.21)
   マスク15: 総合=0.418 (面積=0.06, 全身=0.56, 中央=0.70, 接地=0.66, YOLO=0.19)
   マスク16: 総合=0.232 (面積=0.07, 全身=0.01, 中央=0.63, 接地=0.45, YOLO=0.16)
   マスク17: 総合=0.411 (面積=0.11, 全身=0.20, 中央=0.92, 接地=0.86, YOLO=0.16)
   マスク18: 総合=0.236 (面積=0.09, 全身=0.00, 中央=0.57, 接地=0.53, YOLO=0.16)
   マスク19: 総合=0.444 (面積=0.04, 全身=0.88, 中央=0.64, 接地=0.47, YOLO=0.15)
   マスク20: 総合=0.194 (面積=0.06, 全身=0.15, 中央=0.49, 接地=0.20, YOLO=0.13)
✅ 最適マスク選択: 複合スコア 0.522, 品質スコア 0.372
✅ 保存完了: 0012.jpg (品質: 0.372)

進捗: 13/58 - 0013.jpg
🔄 開始: 画像読み込み (RAM: 2000.1MB, GPU: 2805.5MB)
✅ 完了: 画像読み込み (0.08秒, RAM: 2000.1MB, GPU: 2805.5MB)
カラー判定: 最大チャンネル差分=0.000, 閾値=0.01, 結果=グレースケール
🔄 開始: SAMマスク生成 (RAM: 2000.1MB, GPU: 2805.5MB)
SAMでマスクを生成中...
生成されたマスク数: 93
マスク面積統計: 最小=3777, 最大=492477, 平均=57792
✅ 完了: SAMマスク生成 (71.02秒, RAM: 2017.5MB, GPU: 2805.5MB)
🔄 開始: YOLO人物検出フィルタリング (RAM: 2017.5MB, GPU: 2805.5MB)
YOLOv8で人物検出スコアを計算中...
YOLOv8で93個のマスクを評価開始...
YOLO処理済み: 10/93 (現在のスコア: 0.219)
YOLO処理済み: 20/93 (現在のスコア: 0.000)
YOLO処理済み: 30/93 (現在のスコア: 0.000)
YOLO処理済み: 40/93 (現在のスコア: 0.209)
YOLO処理済み: 50/93 (現在のスコア: 0.000)
YOLO処理済み: 60/93 (現在のスコア: 0.000)
YOLO処理済み: 70/93 (現在のスコア: 0.020)
YOLO処理済み: 80/93 (現在のスコア: 0.384)
YOLO処理済み: 90/93 (現在のスコア: 0.032)
人物検出スコア >= 0.0735 のマスク数: 43
YOLO検出スコア統計: 最高=0.724, 最低=0.000, 平均=0.129
上位10スコア: ['0.724', '0.616', '0.615', '0.490', '0.485', '0.471', '0.384', '0.364', '0.355', '0.346']
🎌 アニメモード使用中: yolov8x.pt
✅ 完了: YOLO人物検出フィルタリング (1.39秒, RAM: 2017.5MB, GPU: 2805.5MB)
🎯 複数キャラクター検出: 43個 → 複合スコアで最適選択
⚠️ マスク数制限: 43個 → 20個に制限
🎯 複合スコア評価開始 (基準: balanced, 20個のマスク)
   マスク1: 総合=0.383 (面積=0.18, 全身=0.05, 中央=0.66, 接地=0.74, YOLO=0.72)
   マスク2: 総合=0.203 (面積=0.09, 全身=0.00, 中央=0.44, 接地=0.19, YOLO=0.62)
   マスク3: 総合=0.309 (面積=0.05, 全身=0.02, 中央=0.60, 接地=0.71, YOLO=0.62)
   マスク4: 総合=0.305 (面積=0.06, 全身=0.00, 中央=0.44, 接地=1.00, YOLO=0.49)
   マスク5: 総合=0.223 (面積=0.07, 全身=0.00, 中央=0.52, 接地=0.34, YOLO=0.49)
   マスク6: 総合=0.361 (面積=0.20, 全身=0.00, 中央=0.53, 接地=0.99, YOLO=0.47)
   マスク7: 総合=0.144 (面積=0.03, 全身=0.01, 中央=0.38, 接地=0.13, YOLO=0.38)
   マスク8: 総合=0.389 (面積=0.09, 全身=0.38, 中央=0.60, 接地=0.75, YOLO=0.36)
   マスク9: 総合=0.201 (面積=0.04, 全身=0.00, 中央=0.54, 接地=0.31, YOLO=0.35)
   マスク10: 総合=0.378 (面積=0.15, 全身=0.07, 中央=0.70, 接地=0.92, YOLO=0.35)
   マスク11: 総合=0.474 (面積=0.03, 全身=0.58, 中央=0.88, 接地=0.72, YOLO=0.34)
   マスク12: 総合=0.253 (面積=0.02, 全身=0.36, 中央=0.45, 接地=0.24, YOLO=0.32)
   マスク13: 総合=0.384 (面積=0.17, 全身=0.27, 中央=0.65, 接地=0.69, YOLO=0.32)
   マスク14: 総合=0.330 (面積=0.07, 全身=0.13, 中央=0.51, 接地=0.94, YOLO=0.32)
   マスク15: 総合=0.364 (面積=0.03, 全身=0.00, 中央=0.93, 接地=0.94, YOLO=0.29)
   マスク16: 総合=0.463 (面積=0.10, 全身=0.43, 中央=0.89, 接地=0.80, YOLO=0.29)
   マスク17: 総合=0.377 (面積=0.12, 全身=0.27, 中央=0.57, 接地=0.90, YOLO=0.27)
   マスク18: 総合=0.380 (面積=0.29, 全身=0.00, 中央=0.58, 接地=1.00, YOLO=0.26)
   マスク19: 総合=0.325 (面積=0.10, 全身=0.00, 中央=0.66, 接地=0.92, YOLO=0.25)
   マスク20: 総合=0.482 (面積=0.30, 全身=0.35, 中央=0.66, 接地=0.98, YOLO=0.24)
✅ 最適マスク選択: 複合スコア 0.482, 品質スコア 0.336
✅ 保存完了: 0013.jpg (品質: 0.336)

進捗: 14/58 - 0014.jpg
🔄 開始: 画像読み込み (RAM: 2017.5MB, GPU: 2805.5MB)
✅ 完了: 画像読み込み (0.08秒, RAM: 2017.5MB, GPU: 2805.5MB)
カラー判定: 最大チャンネル差分=0.000, 閾値=0.01, 結果=グレースケール
🔄 開始: SAMマスク生成 (RAM: 2017.5MB, GPU: 2805.5MB)
SAMでマスクを生成中...
生成されたマスク数: 98
マスク面積統計: 最小=317, 最大=567527, 平均=50771
✅ 完了: SAMマスク生成 (37.57秒, RAM: 2038.0MB, GPU: 2805.5MB)
🔄 開始: YOLO人物検出フィルタリング (RAM: 2038.0MB, GPU: 2805.5MB)
YOLOv8で人物検出スコアを計算中...
YOLOv8で98個のマスクを評価開始...
YOLO処理済み: 10/98 (現在のスコア: 0.014)
YOLO処理済み: 20/98 (現在のスコア: 0.000)
YOLO処理済み: 30/98 (現在のスコア: 0.645)
YOLO処理済み: 40/98 (現在のスコア: 0.000)
YOLO処理済み: 50/98 (現在のスコア: 0.043)
YOLO処理済み: 60/98 (現在のスコア: 0.106)
YOLO処理済み: 70/98 (現在のスコア: 0.112)
YOLO処理済み: 80/98 (現在のスコア: 0.092)
YOLO処理済み: 90/98 (現在のスコア: 0.017)
人物検出スコア >= 0.0735 のマスク数: 41
YOLO検出スコア統計: 最高=0.825, 最低=0.000, 平均=0.146
上位10スコア: ['0.825', '0.794', '0.687', '0.645', '0.620', '0.600', '0.561', '0.527', '0.511', '0.498']
🎌 アニメモード使用中: yolov8x.pt
✅ 完了: YOLO人物検出フィルタリング (1.55秒, RAM: 2038.0MB, GPU: 2805.5MB)
🎯 複数キャラクター検出: 41個 → 複合スコアで最適選択
⚠️ マスク数制限: 41個 → 20個に制限
🎯 複合スコア評価開始 (基準: balanced, 20個のマスク)
   マスク1: 総合=0.213 (面積=0.08, 全身=0.00, 中央=0.41, 接地=0.17, YOLO=0.82)
   マスク2: 総合=0.424 (面積=0.09, 全身=0.51, 中央=0.63, 接地=0.42, YOLO=0.79)
   マスク3: 総合=0.307 (面積=0.14, 全身=0.14, 中央=0.57, 接地=0.30, YOLO=0.69)
   マスク4: 総合=0.433 (面積=0.04, 全身=0.71, 中央=0.62, 接地=0.36, YOLO=0.64)
   マスク5: 総合=0.416 (面積=0.09, 全身=0.53, 中央=0.56, 接地=0.55, YOLO=0.62)
   マスク6: 総合=0.460 (面積=0.14, 全身=0.37, 中央=0.66, 接地=0.91, YOLO=0.60)
   マスク7: 総合=0.525 (面積=0.15, 全身=0.87, 中央=0.53, 接地=0.67, YOLO=0.56)
   マスク8: 総合=0.371 (面積=0.19, 全身=0.44, 中央=0.46, 接地=0.38, YOLO=0.53)
   マスク9: 総合=0.522 (面積=0.24, 全身=0.40, 中央=0.76, 接地=1.00, YOLO=0.51)
   マスク10: 総合=0.405 (面積=0.04, 全身=0.72, 中央=0.60, 接地=0.28, YOLO=0.50)
   マスク11: 総合=0.435 (面積=0.33, 全身=0.35, 中央=0.60, 接地=0.56, YOLO=0.45)
   マスク12: 総合=0.276 (面積=0.09, 全身=0.21, 中央=0.48, 接地=0.38, YOLO=0.45)
   マスク13: 総合=0.527 (面積=0.13, 全身=0.81, 中央=0.73, 接地=0.65, YOLO=0.43)
   マスク14: 総合=0.344 (面積=0.07, 全身=0.48, 中央=0.57, 接地=0.29, YOLO=0.43)
   マスク15: 総合=0.516 (面積=0.46, 全身=0.22, 中央=0.65, 接地=1.00, YOLO=0.41)
   マスク16: 総合=0.473 (面積=0.02, 全身=0.96, 中央=0.54, 接地=0.53, YOLO=0.41)
   マスク17: 総合=0.461 (面積=0.08, 全身=0.24, 中央=0.94, 接地=1.00, YOLO=0.39)
   マスク18: 総合=0.329 (面積=0.08, 全身=0.00, 中央=0.61, 接地=0.99, YOLO=0.33)
   マスク19: 総合=0.547 (面積=0.03, 全身=0.87, 中央=0.85, 接地=0.81, YOLO=0.29)
   マスク20: 総合=0.282 (面積=0.03, 全身=0.40, 中央=0.51, 接地=0.28, YOLO=0.29)
✅ 最適マスク選択: 複合スコア 0.547, 品質スコア 0.395
✅ 保存完了: 0014.jpg (品質: 0.395)

進捗: 15/58 - 0015.jpg
🔄 開始: 画像読み込み (RAM: 2038.0MB, GPU: 2805.5MB)
✅ 完了: 画像読み込み (0.07秒, RAM: 2038.0MB, GPU: 2805.5MB)
カラー判定: 最大チャンネル差分=0.000, 閾値=0.01, 結果=グレースケール
🔄 開始: SAMマスク生成 (RAM: 2038.0MB, GPU: 2805.5MB)
SAMでマスクを生成中...
生成されたマスク数: 97
マスク面積統計: 最小=975, 最大=811931, 平均=56636
✅ 完了: SAMマスク生成 (37.53秒, RAM: 2087.9MB, GPU: 2805.5MB)
🔄 開始: YOLO人物検出フィルタリング (RAM: 2087.9MB, GPU: 2805.5MB)
YOLOv8で人物検出スコアを計算中...
YOLOv8で97個のマスクを評価開始...
YOLO処理済み: 10/97 (現在のスコア: 0.000)
YOLO処理済み: 20/97 (現在のスコア: 0.047)
YOLO処理済み: 30/97 (現在のスコア: 0.159)
YOLO処理済み: 40/97 (現在のスコア: 0.000)
YOLO処理済み: 50/97 (現在のスコア: 0.106)
YOLO処理済み: 60/97 (現在のスコア: 0.088)
YOLO処理済み: 70/97 (現在のスコア: 0.024)
YOLO処理済み: 80/97 (現在のスコア: 0.084)
YOLO処理済み: 90/97 (現在のスコア: 0.045)
人物検出スコア >= 0.0735 のマスク数: 27
YOLO検出スコア統計: 最高=0.706, 最低=0.000, 平均=0.092
上位10スコア: ['0.706', '0.616', '0.542', '0.515', '0.438', '0.409', '0.356', '0.355', '0.334', '0.297']
🎌 アニメモード使用中: yolov8x.pt
✅ 完了: YOLO人物検出フィルタリング (1.47秒, RAM: 2087.9MB, GPU: 2805.5MB)
🎯 複数キャラクター検出: 27個 → 複合スコアで最適選択
⚠️ マスク数制限: 27個 → 20個に制限
🎯 複合スコア評価開始 (基準: balanced, 20個のマスク)
   マスク1: 総合=0.440 (面積=0.15, 全身=0.32, 中央=0.67, 接地=0.74, YOLO=0.71)
   マスク2: 総合=0.473 (面積=0.19, 全身=0.44, 中央=0.66, 接地=0.74, YOLO=0.62)
   マスク3: 総合=0.333 (面積=0.04, 全身=0.00, 中央=0.74, 接地=0.78, YOLO=0.54)
   マスク4: 総合=0.368 (面積=0.09, 全身=0.01, 中央=0.75, 接地=0.91, YOLO=0.51)
   マスク5: 総合=0.285 (面積=0.20, 全身=0.09, 中央=0.56, 接地=0.31, YOLO=0.44)
   マスク6: 総合=0.248 (面積=0.16, 全身=0.04, 中央=0.54, 接地=0.27, YOLO=0.41)
   マスク7: 総合=0.378 (面積=0.14, 全身=0.40, 中央=0.61, 接地=0.52, YOLO=0.36)
   マスク8: 総合=0.409 (面積=0.01, 全身=0.52, 中央=0.79, 接地=0.54, YOLO=0.36)
   マスク9: 総合=0.368 (面積=0.16, 全身=0.00, 中央=0.68, 接地=1.00, YOLO=0.33)
   マスク10: 総合=0.412 (面積=0.24, 全身=0.13, 中央=0.72, 接地=0.90, YOLO=0.30)
   マスク11: 総合=0.325 (面積=0.03, 全身=0.60, 中央=0.50, 接地=0.25, YOLO=0.30)
   マスク12: 総合=0.513 (面積=0.66, 全身=0.00, 中央=0.68, 接地=1.00, YOLO=0.30)
   マスク13: 総合=0.195 (面積=0.08, 全身=0.00, 中央=0.56, 接地=0.21, YOLO=0.27)
   マスク14: 総合=0.204 (面積=0.01, 全身=0.19, 中央=0.46, 接地=0.24, YOLO=0.27)
   マスク15: 総合=0.246 (面積=0.22, 全身=0.00, 中央=0.55, 接地=0.31, YOLO=0.22)
   マスク16: 総合=0.338 (面積=0.02, 全身=0.00, 中央=0.85, 接地=0.94, YOLO=0.21)
   マスク17: 総合=0.314 (面積=0.08, 全身=0.00, 中央=0.70, 接地=0.85, YOLO=0.21)
   マスク18: 総合=0.334 (面積=0.18, 全身=0.00, 中央=0.83, 接地=0.63, YOLO=0.20)
   マスク19: 総合=0.242 (面積=0.09, 全身=0.00, 中央=0.67, 接地=0.42, YOLO=0.18)
   マスク20: 総合=0.403 (面積=0.09, 全身=0.90, 中央=0.44, 接地=0.31, YOLO=0.18)
✅ 最適マスク選択: 複合スコア 0.513, 品質スコア 0.382
✅ 保存完了: 0015.jpg (品質: 0.382)

進捗: 16/58 - 0016.jpg
🔄 開始: 画像読み込み (RAM: 1991.3MB, GPU: 2805.5MB)
✅ 完了: 画像読み込み (0.08秒, RAM: 1991.3MB, GPU: 2805.5MB)
カラー判定: 最大チャンネル差分=0.000, 閾値=0.01, 結果=グレースケール
🔄 開始: SAMマスク生成 (RAM: 1991.3MB, GPU: 2805.5MB)
SAMでマスクを生成中...
生成されたマスク数: 97
マスク面積統計: 最小=419, 最大=825874, 平均=55430
✅ 完了: SAMマスク生成 (42.47秒, RAM: 2049.9MB, GPU: 2805.5MB)
🔄 開始: YOLO人物検出フィルタリング (RAM: 2049.9MB, GPU: 2805.5MB)
YOLOv8で人物検出スコアを計算中...
YOLOv8で97個のマスクを評価開始...
YOLO処理済み: 10/97 (現在のスコア: 0.000)
YOLO処理済み: 20/97 (現在のスコア: 0.062)
YOLO処理済み: 30/97 (現在のスコア: 0.239)
YOLO処理済み: 40/97 (現在のスコア: 0.639)
YOLO処理済み: 50/97 (現在のスコア: 0.019)
YOLO処理済み: 60/97 (現在のスコア: 0.120)
YOLO処理済み: 70/97 (現在のスコア: 0.260)
YOLO処理済み: 80/97 (現在のスコア: 0.210)
YOLO処理済み: 90/97 (現在のスコア: 0.202)
人物検出スコア >= 0.0735 のマスク数: 42
YOLO検出スコア統計: 最高=0.696, 最低=0.000, 平均=0.121
上位10スコア: ['0.696', '0.639', '0.582', '0.575', '0.532', '0.440', '0.391', '0.377', '0.361', '0.349']
🎌 アニメモード使用中: yolov8x.pt
✅ 完了: YOLO人物検出フィルタリング (1.47秒, RAM: 2049.9MB, GPU: 2805.5MB)
🎯 複数キャラクター検出: 42個 → 複合スコアで最適選択
⚠️ マスク数制限: 42個 → 20個に制限
🎯 複合スコア評価開始 (基準: balanced, 20個のマスク)
   マスク1: 総合=0.347 (面積=0.07, 全身=0.00, 中央=0.54, 接地=1.00, YOLO=0.70)
   マスク2: 総合=0.460 (面積=0.40, 全身=0.00, 中央=0.63, 接地=1.00, YOLO=0.64)
   マスク3: 総合=0.358 (面積=0.11, 全身=0.19, 中央=0.58, 接地=0.70, YOLO=0.58)
   マスク4: 総合=0.375 (面積=0.19, 全身=0.24, 中央=0.61, 接地=0.51, YOLO=0.57)
   マスク5: 総合=0.415 (面積=0.10, 全身=0.00, 中央=0.96, 接地=0.94, YOLO=0.53)
   マスク6: 総合=0.378 (面積=0.04, 全身=0.37, 中央=0.68, 接地=0.63, YOLO=0.44)
   マスク7: 総合=0.426 (面積=0.15, 全身=0.37, 中央=0.70, 接地=0.73, YOLO=0.39)
   マスク8: 総合=0.381 (面積=0.13, 全身=0.14, 中央=0.61, 接地=0.97, YOLO=0.38)
   マスク9: 総合=0.209 (面積=0.02, 全身=0.26, 中央=0.38, 接地=0.17, YOLO=0.36)
   マスク10: 総合=0.349 (面積=0.10, 全身=0.00, 中央=0.91, 接地=0.67, YOLO=0.35)
   マスク11: 総合=0.361 (面積=0.22, 全身=0.33, 中央=0.61, 接地=0.37, YOLO=0.35)
   マスク12: 総合=0.162 (面積=0.03, 全身=0.00, 中央=0.53, 接地=0.10, YOLO=0.33)
   マスク13: 総合=0.353 (面積=0.02, 全身=0.26, 中央=0.70, 接地=0.73, YOLO=0.30)
   マスク14: 総合=0.357 (面積=0.14, 全身=0.00, 中央=0.89, 接地=0.70, YOLO=0.30)
   マスク15: 総合=0.509 (面積=0.67, 全身=0.00, 中央=0.65, 接地=1.00, YOLO=0.28)
   マスク16: 総合=0.515 (面積=0.09, 全身=0.86, 中央=0.78, 接地=0.62, YOLO=0.26)
   マスク17: 総合=0.319 (面積=0.10, 全身=0.00, 中央=0.78, 接地=0.73, YOLO=0.25)
   マスク18: 総合=0.419 (面積=0.07, 全身=0.47, 中央=0.52, 接地=1.00, YOLO=0.24)
   マスク19: 総合=0.354 (面積=0.24, 全身=0.29, 中央=0.55, 接地=0.52, YOLO=0.22)
   マスク20: 総合=0.266 (面積=0.04, 全身=0.11, 中央=0.71, 接地=0.42, YOLO=0.21)
✅ 最適マスク選択: 複合スコア 0.515, 品質スコア 0.362
✅ 保存完了: 0016.jpg (品質: 0.362)

進捗: 17/58 - 0017.jpg
🔄 開始: 画像読み込み (RAM: 1997.3MB, GPU: 2805.5MB)
✅ 完了: 画像読み込み (0.10秒, RAM: 1997.3MB, GPU: 2805.5MB)
カラー判定: 最大チャンネル差分=0.000, 閾値=0.01, 結果=グレースケール
🔄 開始: SAMマスク生成 (RAM: 1997.3MB, GPU: 2805.5MB)
SAMでマスクを生成中...
生成されたマスク数: 98
マスク面積統計: 最小=717, 最大=639160, 平均=63886
✅ 完了: SAMマスク生成 (62.94秒, RAM: 2067.7MB, GPU: 2805.5MB)
🔄 開始: YOLO人物検出フィルタリング (RAM: 2072.3MB, GPU: 2805.5MB)
YOLOv8で人物検出スコアを計算中...
YOLOv8で98個のマスクを評価開始...
YOLO処理済み: 10/98 (現在のスコア: 0.019)
YOLO処理済み: 20/98 (現在のスコア: 0.017)
YOLO処理済み: 30/98 (現在のスコア: 0.280)
YOLO処理済み: 40/98 (現在のスコア: 0.492)
YOLO処理済み: 50/98 (現在のスコア: 0.264)
YOLO処理済み: 60/98 (現在のスコア: 0.026)
YOLO処理済み: 70/98 (現在のスコア: 0.248)
YOLO処理済み: 80/98 (現在のスコア: 0.066)
YOLO処理済み: 90/98 (現在のスコア: 0.242)
人物検出スコア >= 0.0735 のマスク数: 49
YOLO検出スコア統計: 最高=0.783, 最低=0.000, 平均=0.154
上位10スコア: ['0.783', '0.702', '0.591', '0.573', '0.548', '0.492', '0.476', '0.455', '0.450', '0.444']
🎌 アニメモード使用中: yolov8x.pt
✅ 完了: YOLO人物検出フィルタリング (1.75秒, RAM: 2072.3MB, GPU: 2805.5MB)
🎯 複数キャラクター検出: 49個 → 複合スコアで最適選択
⚠️ マスク数制限: 49個 → 20個に制限
🎯 複合スコア評価開始 (基準: balanced, 20個のマスク)
   マスク1: 総合=0.467 (面積=0.24, 全身=0.36, 中央=0.64, 接地=0.66, YOLO=0.78)
   マスク2: 総合=0.429 (面積=0.12, 全身=0.08, 中央=0.84, 接地=0.89, YOLO=0.70)
   マスク3: 総合=0.270 (面積=0.15, 全身=0.06, 中央=0.51, 接地=0.32, YOLO=0.59)
   マスク4: 総合=0.397 (面積=0.03, 全身=0.29, 中央=0.54, 接地=1.00, YOLO=0.57)
   マスク5: 総合=0.479 (面積=0.41, 全身=0.09, 中央=0.65, 接地=1.00, YOLO=0.55)
   マスク6: 総合=0.457 (面積=0.12, 全身=0.28, 中央=0.77, 接地=0.99, YOLO=0.49)
   マスク7: 総合=0.325 (面積=0.08, 全身=0.00, 中央=0.81, 接地=0.60, YOLO=0.48)
   マスク8: 総合=0.260 (面積=0.06, 全身=0.08, 中央=0.62, 接地=0.34, YOLO=0.45)
   マスク9: 総合=0.369 (面積=0.11, 全身=0.32, 中央=0.67, 接地=0.52, YOLO=0.45)
   マスク10: 総合=0.267 (面積=0.13, 全身=0.00, 中央=0.59, 接地=0.44, YOLO=0.44)
   マスク11: 総合=0.296 (面積=0.01, 全身=0.39, 中央=0.47, 接地=0.39, YOLO=0.44)
   マスク12: 総合=0.388 (面積=0.18, 全身=0.10, 中央=0.62, 接地=0.95, YOLO=0.44)
   マスク13: 総合=0.519 (面積=0.17, 全身=0.61, 中央=0.63, 接地=0.98, YOLO=0.43)
   マスク14: 総合=0.393 (面積=0.17, 全身=0.00, 中央=0.75, 接地=0.99, YOLO=0.42)
   マスク15: 総合=0.459 (面積=0.08, 全身=0.51, 中央=0.71, 接地=0.86, YOLO=0.38)
   マスク16: 総合=0.298 (面積=0.04, 全身=0.00, 中央=0.50, 接地=1.00, YOLO=0.36)
   マスク17: 総合=0.369 (面積=0.03, 全身=0.30, 中央=0.76, 接地=0.66, YOLO=0.35)
   マスク18: 総合=0.212 (面積=0.15, 全身=0.00, 中央=0.49, 接地=0.26, YOLO=0.31)
   マスク19: 総合=0.543 (面積=0.41, 全身=0.62, 中央=0.73, 接地=0.60, YOLO=0.31)
   マスク20: 総合=0.484 (面積=0.06, 全身=0.69, 中央=0.58, 接地=1.00, YOLO=0.29)
✅ 最適マスク選択: 複合スコア 0.543, 品質スコア 0.404
✅ 保存完了: 0017.jpg (品質: 0.404)

進捗: 18/58 - 0018.jpg
🔄 開始: 画像読み込み (RAM: 2014.0MB, GPU: 2805.5MB)
✅ 完了: 画像読み込み (0.10秒, RAM: 2014.0MB, GPU: 2805.5MB)
カラー判定: 最大チャンネル差分=0.000, 閾値=0.01, 結果=グレースケール
🔄 開始: SAMマスク生成 (RAM: 2014.0MB, GPU: 2805.5MB)
SAMでマスクを生成中...
生成されたマスク数: 100
マスク面積統計: 最小=1066, 最大=546942, 平均=54782
✅ 完了: SAMマスク生成 (39.66秒, RAM: 2102.0MB, GPU: 2805.5MB)
🔄 開始: YOLO人物検出フィルタリング (RAM: 2104.5MB, GPU: 2805.5MB)
YOLOv8で人物検出スコアを計算中...
YOLOv8で100個のマスクを評価開始...
YOLO処理済み: 10/100 (現在のスコア: 0.021)
YOLO処理済み: 20/100 (現在のスコア: 0.025)
YOLO処理済み: 30/100 (現在のスコア: 0.055)
YOLO処理済み: 40/100 (現在のスコア: 0.534)
YOLO処理済み: 50/100 (現在のスコア: 0.031)
YOLO処理済み: 60/100 (現在のスコア: 0.374)
YOLO処理済み: 70/100 (現在のスコア: 0.593)
YOLO処理済み: 80/100 (現在のスコア: 0.065)
YOLO処理済み: 90/100 (現在のスコア: 0.033)
YOLO処理済み: 100/100 (現在のスコア: 0.000)
人物検出スコア >= 0.0735 のマスク数: 47
YOLO検出スコア統計: 最高=0.801, 最低=0.000, 平均=0.174
上位10スコア: ['0.801', '0.798', '0.785', '0.773', '0.702', '0.607', '0.593', '0.547', '0.546', '0.534']
🎌 アニメモード使用中: yolov8x.pt
✅ 完了: YOLO人物検出フィルタリング (1.56秒, RAM: 2104.5MB, GPU: 2805.5MB)
🎯 複数キャラクター検出: 47個 → 複合スコアで最適選択
⚠️ マスク数制限: 47個 → 20個に制限
🎯 複合スコア評価開始 (基準: balanced, 20個のマスク)
   マスク1: 総合=0.577 (面積=0.43, 全身=0.29, 中央=0.73, 接地=1.00, YOLO=0.80)
   マスク2: 総合=0.450 (面積=0.05, 全身=0.46, 中央=0.52, 接地=0.92, YOLO=0.80)
   マスク3: 総合=0.451 (面積=0.21, 全身=0.44, 中央=0.64, 接地=0.49, YOLO=0.79)
   マスク4: 総合=0.466 (面積=0.11, 全身=0.28, 中央=0.81, 接地=0.83, YOLO=0.77)
   マスク5: 総合=0.230 (面積=0.01, 全身=0.00, 中央=0.62, 接地=0.23, YOLO=0.70)
   マスク6: 総合=0.407 (面積=0.05, 全身=0.33, 中央=0.57, 接地=0.91, YOLO=0.61)
   マスク7: 総合=0.369 (面積=0.13, 全身=0.45, 中央=0.58, 接地=0.30, YOLO=0.59)
   マスク8: 総合=0.506 (面積=0.14, 全身=0.56, 中央=0.65, 接地=0.92, YOLO=0.55)
   マスク9: 総合=0.631 (面積=0.15, 全身=0.86, 中央=0.83, 接地=1.00, YOLO=0.55)
   マスク10: 総合=0.370 (面積=0.28, 全身=0.11, 中央=0.60, 接地=0.56, YOLO=0.53)
   マスク11: 総合=0.559 (面積=0.45, 全身=0.40, 中央=0.62, 接地=1.00, YOLO=0.53)
   マスク12: 総合=0.526 (面積=0.17, 全身=0.60, 中央=0.71, 接地=0.90, YOLO=0.49)
   マスク13: 総合=0.349 (面積=0.04, 全身=0.39, 中央=0.52, 接地=0.56, YOLO=0.49)
   マスク14: 総合=0.479 (面積=0.23, 全身=0.36, 中央=0.72, 接地=0.85, YOLO=0.48)
   マスク15: 総合=0.340 (面積=0.12, 全身=0.00, 中央=0.54, 接地=1.00, YOLO=0.47)
   マスク16: 総合=0.396 (面積=0.06, 全身=0.42, 中央=0.51, 接地=0.82, YOLO=0.46)
   マスク17: 総合=0.370 (面積=0.19, 全身=0.00, 中央=0.60, 接地=1.00, YOLO=0.43)
   マスク18: 総合=0.364 (面積=0.03, 全身=0.52, 中央=0.50, 接地=0.55, YOLO=0.43)
   マスク19: 総合=0.477 (面積=0.06, 全身=0.73, 中央=0.59, 接地=0.79, YOLO=0.39)
   マスク20: 総合=0.503 (面積=0.12, 全身=0.61, 中央=0.72, 接地=0.87, YOLO=0.38)
✅ 最適マスク選択: 複合スコア 0.631, 品質スコア 0.580
✅ 保存完了: 0018.jpg (品質: 0.580)

進捗: 19/58 - 0019.jpg
🔄 開始: 画像読み込み (RAM: 2058.0MB, GPU: 2805.5MB)
✅ 完了: 画像読み込み (0.11秒, RAM: 2058.0MB, GPU: 2805.5MB)
カラー判定: 最大チャンネル差分=0.000, 閾値=0.01, 結果=グレースケール
🔄 開始: SAMマスク生成 (RAM: 2058.0MB, GPU: 2805.5MB)
SAMでマスクを生成中...
生成されたマスク数: 104
マスク面積統計: 最小=1357, 最大=1061711, 平均=55271
✅ 完了: SAMマスク生成 (38.66秒, RAM: 2125.5MB, GPU: 2805.5MB)
🔄 開始: YOLO人物検出フィルタリング (RAM: 2136.8MB, GPU: 2805.5MB)
YOLOv8で人物検出スコアを計算中...
YOLOv8で104個のマスクを評価開始...
YOLO処理済み: 10/104 (現在のスコア: 0.020)
YOLO処理済み: 20/104 (現在のスコア: 0.802)
YOLO処理済み: 30/104 (現在のスコア: 0.037)
YOLO処理済み: 40/104 (現在のスコア: 0.000)
YOLO処理済み: 50/104 (現在のスコア: 0.069)
YOLO処理済み: 60/104 (現在のスコア: 0.554)
YOLO処理済み: 70/104 (現在のスコア: 0.000)
YOLO処理済み: 80/104 (現在のスコア: 0.000)
YOLO処理済み: 90/104 (現在のスコア: 0.409)
YOLO処理済み: 100/104 (現在のスコア: 0.056)
人物検出スコア >= 0.0735 のマスク数: 35
YOLO検出スコア統計: 最高=0.869, 最低=0.000, 平均=0.138
上位10スコア: ['0.869', '0.802', '0.791', '0.683', '0.627', '0.587', '0.554', '0.543', '0.526', '0.491']
🎌 アニメモード使用中: yolov8x.pt
✅ 完了: YOLO人物検出フィルタリング (1.89秒, RAM: 2136.8MB, GPU: 2805.5MB)
🎯 複数キャラクター検出: 35個 → 複合スコアで最適選択
⚠️ マスク数制限: 35個 → 20個に制限
🎯 複合スコア評価開始 (基準: balanced, 20個のマスク)
   マスク1: 総合=0.615 (面積=0.12, 全身=0.73, 中央=0.80, 接地=1.00, YOLO=0.87)
   マスク2: 総合=0.455 (面積=0.02, 全身=0.41, 中央=0.78, 接地=0.72, YOLO=0.80)
   マスク3: 総合=0.390 (面積=0.19, 全身=0.14, 中央=0.64, 接地=0.62, YOLO=0.79)
   マスク4: 総合=0.511 (面積=0.11, 全身=0.66, 中央=0.48, 接地=1.00, YOLO=0.68)
   マスク5: 総合=0.537 (面積=0.23, 全身=0.48, 中央=0.67, 接地=1.00, YOLO=0.63)
   マスク6: 総合=0.556 (面積=0.14, 全身=0.75, 中央=0.59, 接地=1.00, YOLO=0.59)
   マスク7: 総合=0.450 (面積=0.19, 全身=0.20, 中央=0.69, 接地=1.00, YOLO=0.55)
   マスク8: 総合=0.423 (面積=0.03, 全身=0.41, 中央=0.71, 接地=0.76, YOLO=0.54)
   マスク9: 総合=0.397 (面積=0.02, 全身=0.35, 中央=0.70, 接地=0.73, YOLO=0.53)
   マスク10: 総合=0.359 (面積=0.01, 全身=0.34, 中央=0.48, 接地=0.82, YOLO=0.49)
   マスク11: 総合=0.464 (面積=0.03, 全身=0.81, 中央=0.54, 接地=0.67, YOLO=0.45)
   マスク12: 総合=0.280 (面積=0.05, 全身=0.00, 中央=0.57, 接地=0.72, YOLO=0.43)
   マスク13: 総合=0.521 (面積=0.53, 全身=0.16, 中央=0.66, 接地=1.00, YOLO=0.42)
   マスク14: 総合=0.451 (面積=0.10, 全身=0.55, 中央=0.58, 接地=0.84, YOLO=0.41)
   マスク15: 総合=0.429 (面積=0.08, 全身=0.93, 中央=0.41, 接地=0.36, YOLO=0.38)
   マスク16: 総合=0.532 (面積=0.07, 全身=0.76, 中央=0.71, 接地=0.97, YOLO=0.35)
   マスク17: 総合=0.390 (面積=0.06, 全身=0.46, 中央=0.61, 接地=0.69, YOLO=0.33)
   マスク18: 総合=0.558 (面積=0.12, 全身=0.77, 中央=0.80, 接地=0.91, YOLO=0.33)
   マスク19: 総合=0.287 (面積=0.02, 全身=0.54, 中央=0.45, 接地=0.18, YOLO=0.31)
   マスク20: 総合=0.306 (面積=0.22, 全身=0.00, 中央=0.59, 接地=0.62, YOLO=0.30)
✅ 最適マスク選択: 複合スコア 0.615, 品質スコア 0.768
✅ 保存完了: 0019.jpg (品質: 0.768)

進捗: 20/58 - 0020.jpg
🔄 開始: 画像読み込み (RAM: 2072.5MB, GPU: 2805.5MB)
✅ 完了: 画像読み込み (0.10秒, RAM: 2072.5MB, GPU: 2805.5MB)
カラー判定: 最大チャンネル差分=0.000, 閾値=0.01, 結果=グレースケール
🔄 開始: SAMマスク生成 (RAM: 2072.5MB, GPU: 2805.5MB)
SAMでマスクを生成中...
生成されたマスク数: 95
マスク面積統計: 最小=563, 最大=472101, 平均=46286
✅ 完了: SAMマスク生成 (38.97秒, RAM: 2115.1MB, GPU: 2805.5MB)
🔄 開始: YOLO人物検出フィルタリング (RAM: 2115.1MB, GPU: 2805.5MB)
YOLOv8で人物検出スコアを計算中...
YOLOv8で95個のマスクを評価開始...
YOLO処理済み: 10/95 (現在のスコア: 0.000)
YOLO処理済み: 20/95 (現在のスコア: 0.064)
YOLO処理済み: 30/95 (現在のスコア: 0.000)
YOLO処理済み: 40/95 (現在のスコア: 0.015)
YOLO処理済み: 50/95 (現在のスコア: 0.011)
YOLO処理済み: 60/95 (現在のスコア: 0.152)
YOLO処理済み: 70/95 (現在のスコア: 0.045)
YOLO処理済み: 80/95 (現在のスコア: 0.034)
YOLO処理済み: 90/95 (現在のスコア: 0.000)
人物検出スコア >= 0.0735 のマスク数: 26
YOLO検出スコア統計: 最高=0.739, 最低=0.000, 平均=0.083
上位10スコア: ['0.739', '0.651', '0.520', '0.520', '0.518', '0.386', '0.357', '0.282', '0.281', '0.268']
🎌 アニメモード使用中: yolov8x.pt
✅ 完了: YOLO人物検出フィルタリング (1.50秒, RAM: 2115.1MB, GPU: 2805.5MB)
🎯 複数キャラクター検出: 26個 → 複合スコアで最適選択
⚠️ マスク数制限: 26個 → 20個に制限
🎯 複合スコア評価開始 (基準: balanced, 20個のマスク)
   マスク1: 総合=0.452 (面積=0.15, 全身=0.58, 中央=0.61, 接地=0.44, YOLO=0.74)
   マスク2: 総合=0.247 (面積=0.04, 全身=0.00, 中央=0.44, 接地=0.55, YOLO=0.65)
   マスク3: 総合=0.412 (面積=0.08, 全身=0.40, 中央=0.67, 接地=0.67, YOLO=0.52)
   マスク4: 総合=0.394 (面積=0.30, 全身=0.22, 中央=0.57, 接地=0.55, YOLO=0.52)
   マスク5: 総合=0.298 (面積=0.15, 全身=0.15, 中央=0.55, 接地=0.36, YOLO=0.52)
   マスク6: 総合=0.449 (面積=0.08, 全身=0.57, 中央=0.47, 接地=0.99, YOLO=0.39)
   マスク7: 総合=0.380 (面積=0.02, 全身=0.34, 中央=0.71, 接地=0.74, YOLO=0.36)
   マスク8: 総合=0.346 (面積=0.02, 全身=0.53, 中央=0.49, 接地=0.55, YOLO=0.28)
   マスク9: 総合=0.231 (面積=0.03, 全身=0.00, 中央=0.56, 接地=0.55, YOLO=0.28)
   マスク10: 総合=0.345 (面積=0.16, 全身=0.00, 中央=0.66, 接地=0.92, YOLO=0.27)
   マスク11: 総合=0.334 (面積=0.10, 全身=0.10, 中央=0.62, 接地=0.85, YOLO=0.27)
   マスク12: 総合=0.409 (面積=0.06, 全身=0.50, 中央=0.62, 接地=0.79, YOLO=0.23)
   マスク13: 総合=0.438 (面積=0.06, 全身=0.68, 中央=0.73, 接地=0.55, YOLO=0.22)
   マスク14: 総合=0.308 (面積=0.05, 全身=0.15, 中央=0.43, 接地=0.99, YOLO=0.19)
   マスク15: 総合=0.493 (面積=0.06, 全身=0.80, 中央=0.54, 接地=1.00, YOLO=0.15)
   マスク16: 総合=0.305 (面積=0.08, 全身=0.00, 中央=0.58, 接地=1.00, YOLO=0.15)
   マスク17: 総合=0.517 (面積=0.34, 全身=0.61, 中央=0.66, 接地=0.77, YOLO=0.14)
   マスク18: 総合=0.484 (面積=0.00, 全身=0.92, 中央=0.51, 接地=0.92, YOLO=0.14)
   マスク19: 総合=0.356 (面積=0.04, 全身=0.68, 中央=0.46, 接地=0.45, YOLO=0.14)
   マスク20: 総合=0.327 (面積=0.06, 全身=0.16, 中央=0.55, 接地=1.00, YOLO=0.09)
✅ 最適マスク選択: 複合スコア 0.517, 品質スコア 0.293
✅ 保存完了: 0020.jpg (品質: 0.293)

進捗: 21/58 - 0021.jpg
🔄 開始: 画像読み込み (RAM: 2115.1MB, GPU: 2805.5MB)
✅ 完了: 画像読み込み (0.10秒, RAM: 2115.1MB, GPU: 2805.5MB)
カラー判定: 最大チャンネル差分=0.000, 閾値=0.01, 結果=グレースケール
🔄 開始: SAMマスク生成 (RAM: 2115.1MB, GPU: 2805.5MB)
SAMでマスクを生成中...
生成されたマスク数: 111
マスク面積統計: 最小=467, 最大=583872, 平均=44782
✅ 完了: SAMマスク生成 (64.30秒, RAM: 2265.2MB, GPU: 2805.5MB)
🔄 開始: YOLO人物検出フィルタリング (RAM: 2271.6MB, GPU: 2805.5MB)
YOLOv8で人物検出スコアを計算中...
YOLOv8で111個のマスクを評価開始...
YOLO処理済み: 10/111 (現在のスコア: 0.200)
YOLO処理済み: 20/111 (現在のスコア: 0.000)
YOLO処理済み: 30/111 (現在のスコア: 0.000)
YOLO処理済み: 40/111 (現在のスコア: 0.366)
YOLO処理済み: 50/111 (現在のスコア: 0.016)
YOLO処理済み: 60/111 (現在のスコア: 0.029)
YOLO処理済み: 70/111 (現在のスコア: 0.000)
YOLO処理済み: 80/111 (現在のスコア: 0.000)
YOLO処理済み: 90/111 (現在のスコア: 0.000)
YOLO処理済み: 100/111 (現在のスコア: 0.218)
YOLO処理済み: 110/111 (現在のスコア: 0.029)
人物検出スコア >= 0.0735 のマスク数: 44
YOLO検出スコア統計: 最高=0.705, 最低=0.000, 平均=0.112
上位10スコア: ['0.705', '0.614', '0.578', '0.570', '0.535', '0.532', '0.439', '0.427', '0.394', '0.366']
🎌 アニメモード使用中: yolov8x.pt
✅ 完了: YOLO人物検出フィルタリング (1.65秒, RAM: 2271.6MB, GPU: 2805.5MB)
🎯 複数キャラクター検出: 44個 → 複合スコアで最適選択
⚠️ マスク数制限: 44個 → 20個に制限
🎯 複合スコア評価開始 (基準: balanced, 20個のマスク)
   マスク1: 総合=0.430 (面積=0.25, 全身=0.28, 中央=0.63, 接地=0.60, YOLO=0.71)
   マスク2: 総合=0.456 (面積=0.04, 全身=0.44, 中央=0.83, 接地=0.71, YOLO=0.61)
   マスク3: 総合=0.412 (面積=0.14, 全身=0.55, 中央=0.58, 接地=0.38, YOLO=0.58)
   マスク4: 総合=0.289 (面積=0.09, 全身=0.00, 中央=0.63, 接地=0.51, YOLO=0.57)
   マスク5: 総合=0.466 (面積=0.22, 全身=0.61, 中央=0.57, 接地=0.51, YOLO=0.54)
   マスク6: 総合=0.396 (面積=0.28, 全身=0.23, 中央=0.60, 接地=0.54, YOLO=0.53)
   マスク7: 総合=0.145 (面積=0.00, 全身=0.00, 中央=0.41, 接地=0.12, YOLO=0.44)
   マスク8: 総合=0.338 (面積=0.04, 全身=0.25, 中央=0.54, 接地=0.77, YOLO=0.43)
   マスク9: 総合=0.389 (面積=0.08, 全身=0.29, 中央=0.67, 接地=0.80, YOLO=0.39)
   マスク10: 総合=0.294 (面積=0.04, 全身=0.07, 中央=0.65, 接地=0.64, YOLO=0.37)
   マスク11: 総合=0.329 (面積=0.02, 全身=0.62, 中央=0.48, 接地=0.25, YOLO=0.33)
   マスク12: 総合=0.430 (面積=0.05, 全身=0.53, 中央=0.63, 接地=0.83, YOLO=0.33)
   マスク13: 総合=0.427 (面積=0.06, 全身=0.51, 中央=0.63, 接地=0.83, YOLO=0.30)
   マスク14: 総合=0.352 (面積=0.07, 全身=0.40, 中央=0.63, 接地=0.53, YOLO=0.28)
   マスク15: 総合=0.364 (面積=0.25, 全身=0.00, 中央=0.56, 接地=1.00, YOLO=0.27)
   マスク16: 総合=0.492 (面積=0.04, 全身=0.70, 中央=0.92, 接地=0.63, YOLO=0.27)
   マスク17: 総合=0.507 (面積=0.06, 全身=0.75, 中央=0.80, 接地=0.78, YOLO=0.27)
   マスク18: 総合=0.179 (面積=0.04, 全身=0.06, 中央=0.52, 接地=0.15, YOLO=0.25)
   マスク19: 総合=0.350 (面積=0.05, 全身=0.38, 中央=0.62, 接地=0.61, YOLO=0.24)
   マスク20: 総合=0.366 (面積=0.05, 全身=0.35, 中央=0.59, 接地=0.81, YOLO=0.24)
✅ 最適マスク選択: 複合スコア 0.507, 品質スコア 0.364
✅ 保存完了: 0021.jpg (品質: 0.364)

進捗: 22/58 - 0022.jpg
🔄 開始: 画像読み込み (RAM: 2271.6MB, GPU: 2805.5MB)
✅ 完了: 画像読み込み (0.10秒, RAM: 2271.6MB, GPU: 2805.5MB)
カラー判定: 最大チャンネル差分=0.000, 閾値=0.01, 結果=グレースケール
🔄 開始: SAMマスク生成 (RAM: 2271.6MB, GPU: 2805.5MB)
SAMでマスクを生成中...
生成されたマスク数: 94
マスク面積統計: 最小=643, 最大=1277646, 平均=69344
✅ 完了: SAMマスク生成 (61.99秒, RAM: 2298.5MB, GPU: 2805.5MB)
🔄 開始: YOLO人物検出フィルタリング (RAM: 2307.5MB, GPU: 2805.5MB)
YOLOv8で人物検出スコアを計算中...
YOLOv8で94個のマスクを評価開始...
YOLO処理済み: 10/94 (現在のスコア: 0.178)
YOLO処理済み: 20/94 (現在のスコア: 0.113)
YOLO処理済み: 30/94 (現在のスコア: 0.048)
YOLO処理済み: 40/94 (現在のスコア: 0.404)
YOLO処理済み: 50/94 (現在のスコア: 0.135)
YOLO処理済み: 60/94 (現在のスコア: 0.228)
YOLO処理済み: 70/94 (現在のスコア: 0.000)
YOLO処理済み: 80/94 (現在のスコア: 0.071)
YOLO処理済み: 90/94 (現在のスコア: 0.000)
人物検出スコア >= 0.0735 のマスク数: 30
YOLO検出スコア統計: 最高=0.743, 最低=0.000, 平均=0.107
上位10スコア: ['0.743', '0.606', '0.604', '0.532', '0.501', '0.491', '0.470', '0.449', '0.404', '0.361']
🎌 アニメモード使用中: yolov8x.pt
✅ 完了: YOLO人物検出フィルタリング (1.51秒, RAM: 2307.5MB, GPU: 2805.5MB)
🎯 複数キャラクター検出: 30個 → 複合スコアで最適選択
⚠️ マスク数制限: 30個 → 20個に制限
🎯 複合スコア評価開始 (基準: balanced, 20個のマスク)
   マスク1: 総合=0.298 (面積=0.03, 全身=0.31, 中央=0.45, 接地=0.32, YOLO=0.74)
   マスク2: 総合=0.468 (面積=0.06, 全身=0.57, 中央=0.66, 接地=0.78, YOLO=0.61)
   マスク3: 総合=0.434 (面積=0.15, 全身=0.17, 中央=0.96, 接地=0.64, YOLO=0.60)
   マスク4: 総合=0.350 (面積=0.10, 全身=0.00, 中央=0.61, 接地=0.97, YOLO=0.53)
   マスク5: 総合=0.333 (面積=0.02, 全身=0.00, 中央=0.67, 接地=0.96, YOLO=0.50)
   マスク6: 総合=0.418 (面積=0.11, 全身=0.43, 中央=0.70, 接地=0.58, YOLO=0.49)
   マスク7: 総合=0.459 (面積=0.09, 全身=0.42, 中央=0.89, 接地=0.70, YOLO=0.47)
   マスク8: 総合=0.236 (面積=0.01, 全身=0.00, 中央=0.55, 接地=0.52, YOLO=0.45)
   マスク9: 総合=0.189 (面積=0.10, 全身=0.00, 中央=0.43, 接地=0.22, YOLO=0.40)
   マスク10: 総合=0.320 (面積=0.06, 全身=0.00, 中央=0.71, 接地=0.83, YOLO=0.36)
   マスク11: 総合=0.269 (面積=0.02, 全身=0.17, 中央=0.60, 接地=0.45, YOLO=0.34)
   マスク12: 総合=0.352 (面積=0.19, 全身=0.11, 中央=0.61, 接地=0.77, YOLO=0.30)
   マスク13: 総合=0.259 (面積=0.04, 全身=0.00, 中央=0.66, 接地=0.60, YOLO=0.25)
   マスク14: 総合=0.266 (面積=0.03, 全身=0.00, 中央=0.68, 接地=0.64, YOLO=0.25)
   マスク15: 総合=0.395 (面積=0.07, 全身=0.49, 中央=0.72, 接地=0.56, YOLO=0.23)
   マスク16: 総合=0.541 (面積=0.28, 全身=0.62, 中央=0.67, 接地=0.96, YOLO=0.23)
   マスク17: 総合=0.405 (面積=0.03, 全身=0.41, 中央=0.80, 接地=0.74, YOLO=0.21)
   マスク18: 総合=0.303 (面積=0.15, 全身=0.03, 中央=0.71, 接地=0.59, YOLO=0.20)
   マスク19: 総合=0.320 (面積=0.09, 全身=0.00, 中央=0.75, 接地=0.83, YOLO=0.20)
   マスク20: 総合=0.422 (面積=0.01, 全身=0.59, 中央=0.70, 接地=0.74, YOLO=0.19)
✅ 最適マスク選択: 複合スコア 0.541, 品質スコア 0.353
✅ 保存完了: 0022.jpg (品質: 0.353)

進捗: 23/58 - 0023.jpg
🔄 開始: 画像読み込み (RAM: 2307.5MB, GPU: 2805.5MB)
✅ 完了: 画像読み込み (0.09秒, RAM: 2307.5MB, GPU: 2805.5MB)
カラー判定: 最大チャンネル差分=0.000, 閾値=0.01, 結果=グレースケール
🔄 開始: SAMマスク生成 (RAM: 2307.5MB, GPU: 2805.5MB)
SAMでマスクを生成中...
生成されたマスク数: 92
マスク面積統計: 最小=667, 最大=653177, 平均=54989
✅ 完了: SAMマスク生成 (46.30秒, RAM: 2325.6MB, GPU: 2805.5MB)
🔄 開始: YOLO人物検出フィルタリング (RAM: 2325.6MB, GPU: 2805.5MB)
YOLOv8で人物検出スコアを計算中...
YOLOv8で92個のマスクを評価開始...
YOLO処理済み: 10/92 (現在のスコア: 0.064)
YOLO処理済み: 20/92 (現在のスコア: 0.000)
YOLO処理済み: 30/92 (現在のスコア: 0.193)
YOLO処理済み: 40/92 (現在のスコア: 0.647)
YOLO処理済み: 50/92 (現在のスコア: 0.120)
YOLO処理済み: 60/92 (現在のスコア: 0.052)
YOLO処理済み: 70/92 (現在のスコア: 0.015)
YOLO処理済み: 80/92 (現在のスコア: 0.115)
YOLO処理済み: 90/92 (現在のスコア: 0.000)
人物検出スコア >= 0.0735 のマスク数: 29
YOLO検出スコア統計: 最高=0.647, 最低=0.000, 平均=0.072
上位10スコア: ['0.647', '0.535', '0.376', '0.347', '0.275', '0.248', '0.241', '0.211', '0.200', '0.193']
🎌 アニメモード使用中: yolov8x.pt
✅ 完了: YOLO人物検出フィルタリング (1.53秒, RAM: 2325.6MB, GPU: 2805.5MB)
🎯 複数キャラクター検出: 29個 → 複合スコアで最適選択
⚠️ マスク数制限: 29個 → 20個に制限
🎯 複合スコア評価開始 (基準: balanced, 20個のマスク)
   マスク1: 総合=0.363 (面積=0.15, 全身=0.20, 中央=0.64, 接地=0.50, YOLO=0.65)
   マスク2: 総合=0.357 (面積=0.14, 全身=0.29, 中央=0.63, 接地=0.43, YOLO=0.54)
   マスク3: 総合=0.286 (面積=0.03, 全身=0.00, 中央=0.59, 接地=0.81, YOLO=0.38)
   マスク4: 総合=0.314 (面積=0.05, 全身=0.05, 中央=0.54, 接地=0.97, YOLO=0.35)
   マスク5: 総合=0.437 (面積=0.21, 全身=0.39, 中央=0.80, 接地=0.60, YOLO=0.28)
   マスク6: 総合=0.519 (面積=0.01, 全身=0.74, 中央=0.86, 接地=0.92, YOLO=0.25)
   マスク7: 総合=0.389 (面積=0.20, 全身=0.47, 中央=0.55, 接地=0.50, YOLO=0.24)
   マスク8: 総合=0.485 (面積=0.03, 全身=0.60, 中央=0.84, 接地=0.92, YOLO=0.21)
   マスク9: 総合=0.468 (面積=0.01, 全身=0.58, 中央=0.80, 接地=0.94, YOLO=0.20)
   マスク10: 総合=0.430 (面積=0.03, 全身=0.76, 中央=0.60, 接地=0.61, YOLO=0.19)
   マスク11: 総合=0.357 (面積=0.05, 全身=0.20, 中央=0.78, 接地=0.77, YOLO=0.19)
   マスク12: 総合=0.290 (面積=0.05, 全身=0.00, 中央=0.76, 接地=0.72, YOLO=0.17)
   マスク13: 総合=0.312 (面積=0.02, 全身=0.02, 中央=0.83, 接地=0.79, YOLO=0.16)
   マスク14: 総合=0.406 (面積=0.05, 全身=0.47, 中央=0.65, 接地=0.86, YOLO=0.15)
   マスク15: 総合=0.430 (面積=0.01, 全身=0.71, 中央=0.76, 接地=0.55, YOLO=0.15)
   マスク16: 総合=0.269 (面積=0.05, 全身=0.00, 中央=0.70, 接地=0.67, YOLO=0.13)
   マスク17: 総合=0.470 (面積=0.12, 全身=0.45, 中央=0.81, 接地=0.98, YOLO=0.13)
   マスク18: 総合=0.347 (面積=0.24, 全身=0.00, 中央=0.77, 接地=0.73, YOLO=0.12)
   マスク19: 総合=0.288 (面積=0.01, 全身=0.29, 中央=0.68, 接地=0.43, YOLO=0.12)
   マスク20: 総合=0.279 (面積=0.06, 全身=0.00, 中央=0.56, 接地=0.91, YOLO=0.11)
✅ 最適マスク選択: 複合スコア 0.519, 品質スコア 0.356
✅ 保存完了: 0023.jpg (品質: 0.356)

進捗: 24/58 - 0024.jpg
🔄 開始: 画像読み込み (RAM: 2196.6MB, GPU: 2805.5MB)
✅ 完了: 画像読み込み (0.10秒, RAM: 2196.6MB, GPU: 2805.5MB)
カラー判定: 最大チャンネル差分=0.000, 閾値=0.01, 結果=グレースケール
🔄 開始: SAMマスク生成 (RAM: 2203.5MB, GPU: 2805.5MB)
SAMでマスクを生成中...
生成されたマスク数: 92
マスク面積統計: 最小=538, 最大=396588, 平均=52928
✅ 完了: SAMマスク生成 (78.01秒, RAM: 2231.9MB, GPU: 2805.5MB)
🔄 開始: YOLO人物検出フィルタリング (RAM: 2231.9MB, GPU: 2805.5MB)
YOLOv8で人物検出スコアを計算中...
YOLOv8で92個のマスクを評価開始...
YOLO処理済み: 10/92 (現在のスコア: 0.012)
YOLO処理済み: 20/92 (現在のスコア: 0.000)
YOLO処理済み: 30/92 (現在のスコア: 0.000)
YOLO処理済み: 40/92 (現在のスコア: 0.015)
YOLO処理済み: 50/92 (現在のスコア: 0.038)
YOLO処理済み: 60/92 (現在のスコア: 0.011)
YOLO処理済み: 70/92 (現在のスコア: 0.000)
YOLO処理済み: 80/92 (現在のスコア: 0.000)
YOLO処理済み: 90/92 (現在のスコア: 0.036)
人物検出スコア >= 0.0735 のマスク数: 21
YOLO検出スコア統計: 最高=0.769, 最低=0.000, 平均=0.064
上位10スコア: ['0.769', '0.499', '0.444', '0.410', '0.313', '0.280', '0.276', '0.231', '0.217', '0.183']
🎌 アニメモード使用中: yolov8x.pt
✅ 完了: YOLO人物検出フィルタリング (1.99秒, RAM: 2231.9MB, GPU: 2805.5MB)
🎯 複数キャラクター検出: 21個 → 複合スコアで最適選択
⚠️ マスク数制限: 21個 → 20個に制限
🎯 複合スコア評価開始 (基準: balanced, 20個のマスク)
   マスク1: 総合=0.330 (面積=0.14, 全身=0.16, 中央=0.53, 接地=0.44, YOLO=0.77)
   マスク2: 総合=0.410 (面積=0.21, 全身=0.31, 中央=0.61, 接地=0.65, YOLO=0.50)
   マスク3: 総合=0.201 (面積=0.02, 全身=0.00, 中央=0.44, 接地=0.42, YOLO=0.44)
   マスク4: 総合=0.512 (面積=0.14, 全身=0.56, 中央=0.79, 接地=0.87, YOLO=0.41)
   マスク5: 総合=0.251 (面積=0.01, 全身=0.53, 中央=0.34, 接地=0.10, YOLO=0.31)
   マスク6: 総合=0.352 (面積=0.13, 全身=0.07, 中央=0.68, 接地=0.87, YOLO=0.28)
   マスク7: 総合=0.458 (面積=0.17, 全身=0.33, 中央=0.84, 接地=0.87, YOLO=0.28)
   マスク8: 総合=0.366 (面積=0.01, 全身=0.39, 中央=0.55, 接地=0.88, YOLO=0.23)
   マスク9: 総合=0.262 (面積=0.03, 全身=0.00, 中央=0.56, 接地=0.79, YOLO=0.22)
   マスク10: 総合=0.294 (面積=0.03, 全身=0.00, 中央=0.73, 接地=0.81, YOLO=0.18)
   マスク11: 総合=0.379 (面積=0.32, 全身=0.00, 中央=0.59, 接地=1.00, YOLO=0.15)
   マスク12: 総合=0.263 (面積=0.01, 全身=0.00, 中央=0.73, 接地=0.66, YOLO=0.15)
   マスク13: 総合=0.420 (面積=0.10, 全身=0.48, 中央=0.61, 接地=0.90, YOLO=0.12)
   マスク14: 総合=0.306 (面積=0.14, 全身=0.00, 中央=0.51, 接地=1.00, YOLO=0.12)
   マスク15: 総合=0.400 (面積=0.18, 全身=0.21, 中央=0.65, 接地=1.00, YOLO=0.12)
   マスク16: 総合=0.235 (面積=0.03, 全身=0.05, 中央=0.53, 接地=0.65, YOLO=0.10)
   マスク17: 総合=0.253 (面積=0.05, 全身=0.00, 中央=0.44, 接地=0.92, YOLO=0.10)
   マスク18: 総合=0.234 (面積=0.10, 全身=0.00, 中央=0.62, 接地=0.48, YOLO=0.09)
   マスク19: 総合=0.230 (面積=0.05, 全身=0.06, 中央=0.53, 接地=0.56, YOLO=0.09)
   マスク20: 総合=0.284 (面積=0.03, 全身=0.16, 中央=0.56, 接地=0.78, YOLO=0.08)
✅ 最適マスク選択: 複合スコア 0.512, 品質スコア 0.451
✅ 保存完了: 0024.jpg (品質: 0.451)

進捗: 25/58 - 0025.jpg
🔄 開始: 画像読み込み (RAM: 2231.9MB, GPU: 2805.5MB)
✅ 完了: 画像読み込み (0.09秒, RAM: 2231.9MB, GPU: 2805.5MB)
カラー判定: 最大チャンネル差分=0.000, 閾値=0.01, 結果=グレースケール
🔄 開始: SAMマスク生成 (RAM: 2231.9MB, GPU: 2805.5MB)
SAMでマスクを生成中...
生成されたマスク数: 81
マスク面積統計: 最小=1424, 最大=561504, 平均=67931
✅ 完了: SAMマスク生成 (29.63秒, RAM: 2199.8MB, GPU: 2805.5MB)
🔄 開始: YOLO人物検出フィルタリング (RAM: 2199.8MB, GPU: 2805.5MB)
YOLOv8で人物検出スコアを計算中...
YOLOv8で81個のマスクを評価開始...
YOLO処理済み: 10/81 (現在のスコア: 0.061)
YOLO処理済み: 20/81 (現在のスコア: 0.000)
YOLO処理済み: 30/81 (現在のスコア: 0.356)
YOLO処理済み: 40/81 (現在のスコア: 0.000)
YOLO処理済み: 50/81 (現在のスコア: 0.022)
YOLO処理済み: 60/81 (現在のスコア: 0.000)
YOLO処理済み: 70/81 (現在のスコア: 0.131)
YOLO処理済み: 80/81 (現在のスコア: 0.015)
人物検出スコア >= 0.0735 のマスク数: 33
YOLO検出スコア統計: 最高=0.947, 最低=0.000, 平均=0.153
上位10スコア: ['0.947', '0.768', '0.720', '0.711', '0.711', '0.642', '0.602', '0.529', '0.520', '0.508']
🎌 アニメモード使用中: yolov8x.pt
✅ 完了: YOLO人物検出フィルタリング (1.36秒, RAM: 2199.8MB, GPU: 2805.4MB)
🎯 複数キャラクター検出: 33個 → 複合スコアで最適選択
⚠️ マスク数制限: 33個 → 20個に制限
🎯 複合スコア評価開始 (基準: balanced, 20個のマスク)
   マスク1: 総合=0.458 (面積=0.07, 全身=0.83, 中央=0.42, 接地=0.34, YOLO=0.95)
   マスク2: 総合=0.377 (面積=0.17, 全身=0.00, 中央=0.73, 接地=0.69, YOLO=0.77)
   マスク3: 総合=0.291 (面積=0.03, 全身=0.34, 中央=0.42, 接地=0.27, YOLO=0.72)
   マスク4: 総合=0.395 (面積=0.04, 全身=0.19, 中央=0.67, 接地=0.88, YOLO=0.71)
   マスク5: 総合=0.326 (面積=0.09, 全身=0.00, 中央=0.68, 接地=0.61, YOLO=0.71)
   マスク6: 総合=0.426 (面積=0.04, 全身=0.21, 中央=0.78, 接地=0.93, YOLO=0.64)
   マスク7: 総合=0.349 (面積=0.13, 全身=0.39, 中央=0.50, 接地=0.34, YOLO=0.60)
   マスク8: 総合=0.433 (面積=0.20, 全身=0.20, 中央=0.69, 接地=0.86, YOLO=0.53)
   マスク9: 総合=0.587 (面積=0.14, 全身=0.92, 中央=0.67, 接地=0.86, YOLO=0.52)
   マスク10: 総合=0.363 (面積=0.17, 全身=0.00, 中央=0.63, 接地=0.90, YOLO=0.51)
   マスク11: 総合=0.336 (面積=0.03, 全身=0.00, 中央=0.68, 接地=0.97, YOLO=0.45)
   マスク12: 総合=0.402 (面積=0.08, 全身=0.41, 中央=0.73, 接地=0.63, YOLO=0.38)
   マスク13: 総合=0.400 (面積=0.04, 全身=0.83, 中央=0.52, 接地=0.27, YOLO=0.36)
   マスク14: 総合=0.322 (面積=0.04, 全身=0.00, 中央=0.92, 接地=0.62, YOLO=0.36)
   マスク15: 総合=0.427 (面積=0.08, 全身=0.50, 中央=0.55, 接地=0.90, YOLO=0.34)
   マスク16: 総合=0.474 (面積=0.19, 全身=0.52, 中央=0.56, 接地=1.00, YOLO=0.27)
   マスク17: 総合=0.423 (面積=0.02, 全身=0.69, 中央=0.70, 接地=0.52, YOLO=0.27)
   マスク18: 総合=0.328 (面積=0.18, 全身=0.00, 中央=0.50, 接地=1.00, YOLO=0.26)
   マスク19: 総合=0.541 (面積=0.10, 全身=0.88, 中央=0.57, 接地=0.99, YOLO=0.25)
   マスク20: 総合=0.369 (面積=0.02, 全身=0.77, 中央=0.54, 接地=0.26, YOLO=0.22)
✅ 最適マスク選択: 複合スコア 0.587, 品質スコア 0.547
✅ 保存完了: 0025.jpg (品質: 0.547)

進捗: 26/58 - 0026.jpg
🔄 開始: 画像読み込み (RAM: 2199.8MB, GPU: 2805.4MB)
✅ 完了: 画像読み込み (0.08秒, RAM: 2199.8MB, GPU: 2805.4MB)
カラー判定: 最大チャンネル差分=0.000, 閾値=0.01, 結果=グレースケール
🔄 開始: SAMマスク生成 (RAM: 2199.8MB, GPU: 2805.4MB)
SAMでマスクを生成中...
生成されたマスク数: 73
マスク面積統計: 最小=631, 最大=1503580, 平均=91751
✅ 完了: SAMマスク生成 (24.96秒, RAM: 2241.9MB, GPU: 2805.4MB)
🔄 開始: YOLO人物検出フィルタリング (RAM: 2240.9MB, GPU: 2805.4MB)
YOLOv8で人物検出スコアを計算中...
YOLOv8で73個のマスクを評価開始...
YOLO処理済み: 10/73 (現在のスコア: 0.180)
YOLO処理済み: 20/73 (現在のスコア: 0.025)
YOLO処理済み: 30/73 (現在のスコア: 0.045)
YOLO処理済み: 40/73 (現在のスコア: 0.027)
YOLO処理済み: 50/73 (現在のスコア: 0.885)
YOLO処理済み: 60/73 (現在のスコア: 0.098)
YOLO処理済み: 70/73 (現在のスコア: 0.443)
人物検出スコア >= 0.0735 のマスク数: 36
YOLO検出スコア統計: 最高=0.930, 最低=0.000, 平均=0.224
上位10スコア: ['0.930', '0.910', '0.896', '0.885', '0.885', '0.851', '0.819', '0.713', '0.676', '0.609']
🎌 アニメモード使用中: yolov8x.pt
✅ 完了: YOLO人物検出フィルタリング (1.19秒, RAM: 2240.9MB, GPU: 2805.5MB)
🎯 複数キャラクター検出: 36個 → 複合スコアで最適選択
⚠️ マスク数制限: 36個 → 20個に制限
🎯 複合スコア評価開始 (基準: balanced, 20個のマスク)
   マスク1: 総合=0.532 (面積=0.18, 全身=0.45, 中央=0.63, 接地=0.96, YOLO=0.93)
   マスク2: 総合=0.369 (面積=0.07, 全身=0.08, 中央=0.63, 接地=0.75, YOLO=0.91)
   マスク3: 総合=0.389 (面積=0.00, 全身=0.00, 中央=0.75, 接地=1.00, YOLO=0.90)
   マスク4: 総合=0.301 (面積=0.08, 全身=0.03, 中央=0.54, 接地=0.48, YOLO=0.89)
   マスク5: 総合=0.323 (面積=0.12, 全身=0.00, 中央=0.61, 接地=0.51, YOLO=0.88)
   マスク6: 総合=0.502 (面積=0.18, 全身=0.44, 中央=0.54, 接地=0.96, YOLO=0.85)
   マスク7: 総合=0.497 (面積=0.19, 全身=0.44, 中央=0.68, 接地=0.75, YOLO=0.82)
   マスク8: 総合=0.424 (面積=0.07, 全身=0.38, 中央=0.62, 接地=0.75, YOLO=0.71)
   マスク9: 総合=0.411 (面積=0.23, 全身=0.20, 中央=0.64, 接地=0.65, YOLO=0.68)
   マスク10: 総合=0.315 (面積=0.07, 全身=0.35, 中央=0.52, 接地=0.27, YOLO=0.61)
   マスク11: 総合=0.287 (面積=0.03, 全身=0.00, 中央=0.70, 接地=0.51, YOLO=0.60)
   マスク12: 総合=0.507 (面積=0.18, 全身=0.45, 中央=0.84, 接地=0.75, YOLO=0.59)
   マスク13: 総合=0.470 (面積=0.19, 全身=0.45, 中央=0.51, 接地=0.96, YOLO=0.56)
   マスク14: 総合=0.280 (面積=0.01, 全身=0.00, 中央=0.43, 接地=0.96, YOLO=0.46)
   マスク15: 総合=0.344 (面積=0.05, 全身=0.09, 中央=0.63, 接地=0.92, YOLO=0.44)
   マスク16: 総合=0.325 (面積=0.04, 全身=0.31, 中央=0.63, 接地=0.44, YOLO=0.43)
   マスク17: 総合=0.389 (面積=0.01, 全身=0.38, 中央=0.61, 接地=0.84, YOLO=0.42)
   マスク18: 総合=0.380 (面積=0.01, 全身=0.45, 中央=0.66, 接地=0.65, YOLO=0.34)
   マスク19: 総合=0.369 (面積=0.03, 全身=0.32, 中央=0.54, 接地=0.92, YOLO=0.33)
   マスク20: 総合=0.282 (面積=0.10, 全身=0.00, 中央=0.64, 接地=0.60, YOLO=0.33)
✅ 最適マスク選択: 複合スコア 0.532, 品質スコア 0.771
✅ 保存完了: 0026.jpg (品質: 0.771)

進捗: 27/58 - 0027.jpg
🔄 開始: 画像読み込み (RAM: 2240.9MB, GPU: 2805.5MB)
✅ 完了: 画像読み込み (0.01秒, RAM: 2240.9MB, GPU: 2805.5MB)
カラー判定: 最大チャンネル差分=0.108, 閾値=0.01, 結果=カラー
スキップ: カラー画像です - 0027.jpg

進捗: 28/58 - 0028.jpg
🔄 開始: 画像読み込み (RAM: 2240.0MB, GPU: 2805.5MB)
✅ 完了: 画像読み込み (0.09秒, RAM: 2240.0MB, GPU: 2805.5MB)
カラー判定: 最大チャンネル差分=53.102, 閾値=0.01, 結果=カラー
スキップ: カラー画像です - 0028.jpg

進捗: 29/58 - preprocessed_manga_0001.jpg
🔄 開始: 画像読み込み (RAM: 2240.0MB, GPU: 2805.5MB)
✅ 完了: 画像読み込み (0.03秒, RAM: 2240.0MB, GPU: 2805.5MB)
カラー判定: 最大チャンネル差分=81.525, 閾値=0.01, 結果=カラー
スキップ: カラー画像です - preprocessed_manga_0001.jpg

進捗: 30/58 - preprocessed_manga_0002.jpg
🔄 開始: 画像読み込み (RAM: 2240.0MB, GPU: 2805.5MB)
✅ 完了: 画像読み込み (0.01秒, RAM: 2240.0MB, GPU: 2805.5MB)
カラー判定: 最大チャンネル差分=0.000, 閾値=0.01, 結果=グレースケール
🔄 開始: SAMマスク生成 (RAM: 2240.0MB, GPU: 2805.5MB)
SAMでマスクを生成中...
生成されたマスク数: 1
マスク面積統計: 最小=2748429, 最大=2748429, 平均=2748429
✅ 完了: SAMマスク生成 (14.44秒, RAM: 2240.0MB, GPU: 2805.5MB)
🔄 開始: YOLO人物検出フィルタリング (RAM: 2240.0MB, GPU: 2805.5MB)
YOLOv8で人物検出スコアを計算中...
YOLOv8で1個のマスクを評価開始...
人物検出スコア >= 0.0735 のマスク数: 0
YOLO検出スコア統計: 最高=0.000, 最低=0.000, 平均=0.000
上位10スコア: ['0.000']
🎌 アニメモード使用中: yolov8x.pt
✅ 完了: YOLO人物検出フィルタリング (0.12秒, RAM: 2240.0MB, GPU: 2805.5MB)
スキップ: YOLO検出スコアが閾値を下回りました

進捗: 31/58 - preprocessed_manga_0004.jpg
🔄 開始: 画像読み込み (RAM: 2240.0MB, GPU: 2805.5MB)
✅ 完了: 画像読み込み (0.03秒, RAM: 2240.0MB, GPU: 2805.5MB)
カラー判定: 最大チャンネル差分=0.009, 閾値=0.01, 結果=グレースケール
🔄 開始: SAMマスク生成 (RAM: 2240.0MB, GPU: 2805.5MB)
SAMでマスクを生成中...
生成されたマスク数: 86
マスク面積統計: 最小=285, 最大=921119, 平均=59802
✅ 完了: SAMマスク生成 (29.58秒, RAM: 2265.3MB, GPU: 2805.5MB)
🔄 開始: YOLO人物検出フィルタリング (RAM: 2265.3MB, GPU: 2805.5MB)
YOLOv8で人物検出スコアを計算中...
YOLOv8で86個のマスクを評価開始...
YOLO処理済み: 10/86 (現在のスコア: 0.630)
YOLO処理済み: 20/86 (現在のスコア: 0.040)
YOLO処理済み: 30/86 (現在のスコア: 0.010)
YOLO処理済み: 40/86 (現在のスコア: 0.000)
YOLO処理済み: 50/86 (現在のスコア: 0.197)
YOLO処理済み: 60/86 (現在のスコア: 0.041)
YOLO処理済み: 70/86 (現在のスコア: 0.016)
YOLO処理済み: 80/86 (現在のスコア: 0.000)
人物検出スコア >= 0.0735 のマスク数: 49
YOLO検出スコア統計: 最高=0.915, 最低=0.000, 平均=0.162
上位10スコア: ['0.915', '0.740', '0.662', '0.630', '0.571', '0.551', '0.549', '0.498', '0.444', '0.424']
🎌 アニメモード使用中: yolov8x.pt
✅ 完了: YOLO人物検出フィルタリング (1.64秒, RAM: 2263.3MB, GPU: 2805.5MB)
🎯 複数キャラクター検出: 49個 → 複合スコアで最適選択
⚠️ マスク数制限: 49個 → 20個に制限
🎯 複合スコア評価開始 (基準: balanced, 20個のマスク)
   マスク1: 総合=0.409 (面積=0.13, 全身=0.09, 中央=0.63, 接地=0.87, YOLO=0.91)
   マスク2: 総合=0.474 (面積=0.08, 全身=0.48, 中央=0.54, 接地=1.00, YOLO=0.74)
   マスク3: 総合=0.430 (面積=0.04, 全身=0.36, 中央=0.75, 接地=0.75, YOLO=0.66)
   マスク4: 総合=0.496 (面積=0.25, 全身=0.51, 中央=0.65, 接地=0.67, YOLO=0.63)
   マスク5: 総合=0.557 (面積=0.04, 全身=0.89, 中央=0.58, 接地=1.00, YOLO=0.57)
   マスク6: 総合=0.359 (面積=0.06, 全身=0.05, 中央=0.90, 接地=0.62, YOLO=0.55)
   マスク7: 総合=0.316 (面積=0.06, 全身=0.00, 中央=0.76, 接地=0.61, YOLO=0.55)
   マスク8: 総合=0.435 (面積=0.02, 全身=0.44, 中央=0.88, 接地=0.62, YOLO=0.50)
   マスク9: 総合=0.424 (面積=0.09, 全身=0.41, 中央=0.74, 接地=0.68, YOLO=0.44)
   マスク10: 総合=0.542 (面積=0.75, 全身=0.00, 中央=0.75, 接地=0.83, YOLO=0.42)
   マスク11: 総合=0.474 (面積=0.14, 全身=0.44, 中央=0.91, 接地=0.66, YOLO=0.40)
   マスク12: 総合=0.323 (面積=0.13, 全身=0.00, 中央=0.49, 接地=1.00, YOLO=0.38)
   マスク13: 総合=0.305 (面積=0.01, 全身=0.00, 中央=0.77, 接地=0.75, YOLO=0.36)
   マスク14: 総合=0.307 (面積=0.03, 全身=0.44, 中央=0.55, 接地=0.27, YOLO=0.36)
   マスク15: 総合=0.407 (面積=0.11, 全身=0.36, 中央=0.58, 接地=0.90, YOLO=0.34)
   マスク16: 総合=0.357 (面積=0.02, 全身=0.00, 中央=0.97, 接地=0.83, YOLO=0.32)
   マスク17: 総合=0.484 (面積=0.09, 全身=0.54, 中央=0.81, 接地=0.87, YOLO=0.30)
   マスク18: 総合=0.353 (面積=0.13, 全身=0.09, 中央=0.69, 接地=0.85, YOLO=0.26)
   マスク19: 総合=0.401 (面積=0.11, 全身=0.50, 中央=0.55, 接地=0.70, YOLO=0.26)
   マスク20: 総合=0.307 (面積=0.13, 全身=0.00, 中央=0.55, 接地=0.90, YOLO=0.25)
✅ 最適マスク選択: 複合スコア 0.557, 品質スコア 0.565
✅ 保存完了: preprocessed_manga_0004.jpg (品質: 0.565)

進捗: 32/58 - preprocessed_manga_0008.jpg
🔄 開始: 画像読み込み (RAM: 2196.1MB, GPU: 2805.5MB)
✅ 完了: 画像読み込み (0.03秒, RAM: 2196.1MB, GPU: 2805.5MB)
カラー判定: 最大チャンネル差分=0.046, 閾値=0.01, 結果=カラー
スキップ: カラー画像です - preprocessed_manga_0008.jpg

進捗: 33/58 - preprocessed_manga_0012.jpg
🔄 開始: 画像読み込み (RAM: 2196.1MB, GPU: 2805.5MB)
✅ 完了: 画像読み込み (0.03秒, RAM: 2196.1MB, GPU: 2805.5MB)
カラー判定: 最大チャンネル差分=0.037, 閾値=0.01, 結果=カラー
スキップ: カラー画像です - preprocessed_manga_0012.jpg

進捗: 34/58 - preprocessed_manga_0013.jpg
🔄 開始: 画像読み込み (RAM: 2196.1MB, GPU: 2805.5MB)
✅ 完了: 画像読み込み (0.03秒, RAM: 2196.1MB, GPU: 2805.5MB)
カラー判定: 最大チャンネル差分=0.010, 閾値=0.01, 結果=カラー
スキップ: カラー画像です - preprocessed_manga_0013.jpg

進捗: 35/58 - preprocessed_manga_0014.jpg
🔄 開始: 画像読み込み (RAM: 2196.1MB, GPU: 2805.5MB)
✅ 完了: 画像読み込み (0.03秒, RAM: 2196.1MB, GPU: 2805.5MB)
カラー判定: 最大チャンネル差分=0.053, 閾値=0.01, 結果=カラー
スキップ: カラー画像です - preprocessed_manga_0014.jpg

進捗: 36/58 - preprocessed_manga_0015.jpg
🔄 開始: 画像読み込み (RAM: 2196.1MB, GPU: 2805.5MB)
✅ 完了: 画像読み込み (0.02秒, RAM: 2196.1MB, GPU: 2805.5MB)
カラー判定: 最大チャンネル差分=0.019, 閾値=0.01, 結果=カラー
スキップ: カラー画像です - preprocessed_manga_0015.jpg

進捗: 37/58 - preprocessed_manga_0020.jpg
🔄 開始: 画像読み込み (RAM: 2196.1MB, GPU: 2805.5MB)
✅ 完了: 画像読み込み (0.03秒, RAM: 2196.1MB, GPU: 2805.5MB)
カラー判定: 最大チャンネル差分=0.000, 閾値=0.01, 結果=グレースケール
🔄 開始: SAMマスク生成 (RAM: 2196.1MB, GPU: 2805.5MB)
SAMでマスクを生成中...
生成されたマスク数: 103
マスク面積統計: 最小=154, 最大=1106140, 平均=56637
✅ 完了: SAMマスク生成 (23.56秒, RAM: 2244.8MB, GPU: 2805.5MB)
🔄 開始: YOLO人物検出フィルタリング (RAM: 2244.8MB, GPU: 2805.5MB)
YOLOv8で人物検出スコアを計算中...
YOLOv8で103個のマスクを評価開始...
YOLO処理済み: 10/103 (現在のスコア: 0.582)
YOLO処理済み: 20/103 (現在のスコア: 0.351)
YOLO処理済み: 30/103 (現在のスコア: 0.059)
YOLO処理済み: 40/103 (現在のスコア: 0.260)
YOLO処理済み: 50/103 (現在のスコア: 0.156)
YOLO処理済み: 60/103 (現在のスコア: 0.289)
YOLO処理済み: 70/103 (現在のスコア: 0.000)
YOLO処理済み: 80/103 (現在のスコア: 0.310)
YOLO処理済み: 90/103 (現在のスコア: 0.114)
YOLO処理済み: 100/103 (現在のスコア: 0.065)
人物検出スコア >= 0.0735 のマスク数: 65
YOLO検出スコア統計: 最高=0.756, 最低=0.000, 平均=0.176
上位10スコア: ['0.756', '0.620', '0.590', '0.582', '0.554', '0.539', '0.522', '0.489', '0.423', '0.410']
🎌 アニメモード使用中: yolov8x.pt
✅ 完了: YOLO人物検出フィルタリング (1.62秒, RAM: 2244.8MB, GPU: 2805.5MB)
🎯 複数キャラクター検出: 65個 → 複合スコアで最適選択
⚠️ マスク数制限: 65個 → 20個に制限
🎯 複合スコア評価開始 (基準: balanced, 20個のマスク)
   マスク1: 総合=0.555 (面積=0.01, 全身=0.91, 中央=0.73, 接地=0.68, YOLO=0.76)
   マスク2: 総合=0.405 (面積=0.04, 全身=0.78, 中央=0.42, 接地=0.35, YOLO=0.62)
   マスク3: 総合=0.378 (面積=0.17, 全身=0.00, 中央=0.62, 接地=0.96, YOLO=0.59)
   マスク4: 総合=0.350 (面積=0.03, 全身=0.10, 中央=0.77, 接地=0.68, YOLO=0.58)
   マスク5: 総合=0.317 (面積=0.12, 全身=0.20, 中央=0.52, 接地=0.47, YOLO=0.55)
   マスク6: 総合=0.549 (面積=0.19, 全身=0.65, 中央=0.71, 接地=0.90, YOLO=0.54)
   マスク7: 総合=0.546 (面積=0.34, 全身=0.61, 中央=0.73, 接地=0.63, YOLO=0.52)
   マスク8: 総合=0.333 (面積=0.29, 全身=0.00, 中央=0.63, 接地=0.47, YOLO=0.49)
   マスク9: 総合=0.355 (面積=0.11, 全身=0.05, 中央=0.65, 接地=0.93, YOLO=0.42)
   マスク10: 総合=0.375 (面積=0.23, 全身=0.00, 中央=0.57, 接地=1.00, YOLO=0.41)
   マスク11: 総合=0.445 (面積=0.16, 全身=0.30, 中央=0.83, 接地=0.78, YOLO=0.40)
   マスク12: 総合=0.383 (面積=0.08, 全身=0.09, 中央=0.77, 接地=0.97, YOLO=0.38)
   マスク13: 総合=0.486 (面積=0.18, 全身=0.77, 中央=0.65, 接地=0.48, YOLO=0.38)
   マスク14: 総合=0.358 (面積=0.07, 全身=0.49, 中央=0.50, 接地=0.51, YOLO=0.38)
   マスク15: 総合=0.282 (面積=0.13, 全身=0.22, 中央=0.53, 接地=0.29, YOLO=0.38)
   マスク16: 総合=0.178 (面積=0.02, 全身=0.00, 中央=0.41, 接地=0.35, YOLO=0.37)
   マスク17: 総合=0.272 (面積=0.01, 全身=0.00, 中央=0.57, 接地=0.79, YOLO=0.35)
   マスク18: 総合=0.669 (面積=0.90, 全身=0.30, 中央=0.88, 接地=0.75, YOLO=0.35)
   マスク19: 総合=0.449 (面積=0.06, 全身=0.54, 中央=0.77, 接地=0.72, YOLO=0.34)
   マスク20: 総合=0.297 (面積=0.06, 全身=0.00, 中央=0.50, 接地=0.99, YOLO=0.31)
✅ 最適マスク選択: 複合スコア 0.669, 品質スコア 0.478
✅ 保存完了: preprocessed_manga_0020.jpg (品質: 0.478)

進捗: 38/58 - preprocessed_manga_0021.jpg
🔄 開始: 画像読み込み (RAM: 2244.8MB, GPU: 2805.5MB)
✅ 完了: 画像読み込み (0.03秒, RAM: 2244.8MB, GPU: 2805.5MB)
カラー判定: 最大チャンネル差分=0.009, 閾値=0.01, 結果=グレースケール
🔄 開始: SAMマスク生成 (RAM: 2244.8MB, GPU: 2805.5MB)
SAMでマスクを生成中...
生成されたマスク数: 98
マスク面積統計: 最小=113, 最大=986991, 平均=48386
✅ 完了: SAMマスク生成 (37.20秒, RAM: 2306.7MB, GPU: 2805.5MB)
🔄 開始: YOLO人物検出フィルタリング (RAM: 2306.7MB, GPU: 2805.5MB)
YOLOv8で人物検出スコアを計算中...
YOLOv8で98個のマスクを評価開始...
YOLO処理済み: 10/98 (現在のスコア: 0.430)
YOLO処理済み: 20/98 (現在のスコア: 0.164)
YOLO処理済み: 30/98 (現在のスコア: 0.221)
YOLO処理済み: 40/98 (現在のスコア: 0.000)
YOLO処理済み: 50/98 (現在のスコア: 0.259)
YOLO処理済み: 60/98 (現在のスコア: 0.324)
YOLO処理済み: 70/98 (現在のスコア: 0.034)
YOLO処理済み: 80/98 (現在のスコア: 0.101)
YOLO処理済み: 90/98 (現在のスコア: 0.075)
人物検出スコア >= 0.0735 のマスク数: 59
YOLO検出スコア統計: 最高=0.880, 最低=0.000, 平均=0.190
上位10スコア: ['0.880', '0.724', '0.699', '0.690', '0.623', '0.576', '0.571', '0.565', '0.542', '0.507']
🎌 アニメモード使用中: yolov8x.pt
✅ 完了: YOLO人物検出フィルタリング (1.66秒, RAM: 2306.7MB, GPU: 2805.5MB)
🎯 複数キャラクター検出: 59個 → 複合スコアで最適選択
⚠️ マスク数制限: 59個 → 20個に制限
🎯 複合スコア評価開始 (基準: balanced, 20個のマスク)
   マスク1: 総合=0.342 (面積=0.07, 全身=0.00, 中央=0.51, 接地=0.86, YOLO=0.88)
   マスク2: 総合=0.334 (面積=0.06, 全身=0.02, 中央=0.69, 接地=0.66, YOLO=0.72)
   マスク3: 総合=0.392 (面積=0.16, 全身=0.07, 中央=0.56, 接地=0.96, YOLO=0.70)
   マスク4: 総合=0.334 (面積=0.05, 全身=0.00, 中央=0.50, 接地=1.00, YOLO=0.69)
   マスク5: 総合=0.159 (面積=0.02, 全身=0.03, 中央=0.35, 接地=0.09, YOLO=0.62)
   マスク6: 総合=0.375 (面積=0.08, 全身=0.14, 中央=0.59, 接地=0.93, YOLO=0.58)
   マスク7: 総合=0.224 (面積=0.07, 全身=0.07, 中央=0.52, 接地=0.17, YOLO=0.57)
   マスク8: 総合=0.573 (面積=0.80, 全身=0.09, 中央=0.81, 接地=0.61, YOLO=0.57)
   マスク9: 総合=0.423 (面積=0.05, 全身=0.62, 中央=0.52, 接地=0.62, YOLO=0.54)
   マスク10: 総合=0.442 (面積=0.19, 全身=0.37, 中央=0.68, 接地=0.70, YOLO=0.51)
   マスク11: 総合=0.412 (面積=0.13, 全身=0.41, 中央=0.62, 接地=0.66, YOLO=0.46)
   マスク12: 総合=0.318 (面積=0.03, 全身=0.00, 中央=0.76, 接地=0.75, YOLO=0.43)
   マスク13: 総合=0.331 (面積=0.05, 全身=0.00, 中央=0.89, 接地=0.63, YOLO=0.43)
   マスク14: 総合=0.238 (面積=0.17, 全身=0.00, 中央=0.52, 接地=0.28, YOLO=0.42)
   マスク15: 総合=0.298 (面積=0.08, 全身=0.38, 中央=0.49, 接地=0.25, YOLO=0.42)
   マスク16: 総合=0.373 (面積=0.11, 全身=0.20, 中央=0.63, 接地=0.82, YOLO=0.41)
   マスク17: 総合=0.388 (面積=0.05, 全身=0.26, 中央=0.85, 接地=0.68, YOLO=0.37)
   マスク18: 総合=0.474 (面積=0.04, 全身=0.80, 中央=0.54, 接地=0.80, YOLO=0.37)
   マスク19: 総合=0.315 (面積=0.11, 全身=0.02, 中央=0.70, 接地=0.68, YOLO=0.36)
   マスク20: 総合=0.287 (面積=0.06, 全身=0.00, 中央=0.41, 接地=1.00, YOLO=0.36)
✅ 最適マスク選択: 複合スコア 0.573, 品質スコア 0.568
✅ 保存完了: preprocessed_manga_0021.jpg (品質: 0.568)

進捗: 39/58 - preprocessed_manga_0022.jpg
🔄 開始: 画像読み込み (RAM: 2305.7MB, GPU: 2805.5MB)
✅ 完了: 画像読み込み (0.03秒, RAM: 2305.7MB, GPU: 2805.5MB)
カラー判定: 最大チャンネル差分=0.021, 閾値=0.01, 結果=カラー
スキップ: カラー画像です - preprocessed_manga_0022.jpg

進捗: 40/58 - preprocessed_manga_0023.jpg
🔄 開始: 画像読み込み (RAM: 2305.7MB, GPU: 2805.5MB)
✅ 完了: 画像読み込み (0.03秒, RAM: 2305.7MB, GPU: 2805.5MB)
カラー判定: 最大チャンネル差分=0.027, 閾値=0.01, 結果=カラー
スキップ: カラー画像です - preprocessed_manga_0023.jpg

進捗: 41/58 - preprocessed_manga_0024.jpg
🔄 開始: 画像読み込み (RAM: 2305.7MB, GPU: 2805.5MB)
✅ 完了: 画像読み込み (0.02秒, RAM: 2305.7MB, GPU: 2805.5MB)
カラー判定: 最大チャンネル差分=0.012, 閾値=0.01, 結果=カラー
スキップ: カラー画像です - preprocessed_manga_0024.jpg

進捗: 42/58 - preprocessed_manga_0027.jpg
🔄 開始: 画像読み込み (RAM: 2305.7MB, GPU: 2805.5MB)
✅ 完了: 画像読み込み (0.01秒, RAM: 2305.7MB, GPU: 2805.5MB)
カラー判定: 最大チャンネル差分=0.036, 閾値=0.01, 結果=カラー
スキップ: カラー画像です - preprocessed_manga_0027.jpg

進捗: 43/58 - preprocessed_manga_0028.jpg
🔄 開始: 画像読み込み (RAM: 2305.7MB, GPU: 2805.5MB)
✅ 完了: 画像読み込み (0.02秒, RAM: 2305.7MB, GPU: 2805.5MB)
カラー判定: 最大チャンネル差分=43.655, 閾値=0.01, 結果=カラー
スキップ: カラー画像です - preprocessed_manga_0028.jpg

進捗: 44/58 - preprocessed_manga_preprocessed_manga_0001.jpg
🔄 開始: 画像読み込み (RAM: 2305.7MB, GPU: 2805.5MB)
✅ 完了: 画像読み込み (0.03秒, RAM: 2305.7MB, GPU: 2805.5MB)
カラー判定: 最大チャンネル差分=76.794, 閾値=0.01, 結果=カラー
スキップ: カラー画像です - preprocessed_manga_preprocessed_manga_0001.jpg

進捗: 45/58 - preprocessed_manga_preprocessed_manga_0002.jpg
🔄 開始: 画像読み込み (RAM: 2305.7MB, GPU: 2805.5MB)
✅ 完了: 画像読み込み (0.01秒, RAM: 2305.7MB, GPU: 2805.5MB)
カラー判定: 最大チャンネル差分=0.000, 閾値=0.01, 結果=グレースケール
🔄 開始: SAMマスク生成 (RAM: 2305.7MB, GPU: 2805.5MB)
SAMでマスクを生成中...
生成されたマスク数: 1
マスク面積統計: 最小=2747904, 最大=2747904, 平均=2747904
✅ 完了: SAMマスク生成 (18.24秒, RAM: 2305.7MB, GPU: 2805.5MB)
🔄 開始: YOLO人物検出フィルタリング (RAM: 2307.5MB, GPU: 2805.5MB)
YOLOv8で人物検出スコアを計算中...
YOLOv8で1個のマスクを評価開始...
人物検出スコア >= 0.0735 のマスク数: 0
YOLO検出スコア統計: 最高=0.000, 最低=0.000, 平均=0.000
上位10スコア: ['0.000']
🎌 アニメモード使用中: yolov8x.pt
✅ 完了: YOLO人物検出フィルタリング (0.12秒, RAM: 2199.0MB, GPU: 2805.5MB)
スキップ: YOLO検出スコアが閾値を下回りました

進捗: 46/58 - preprocessed_manga_preprocessed_manga_0004.jpg
🔄 開始: 画像読み込み (RAM: 2199.0MB, GPU: 2805.5MB)
✅ 完了: 画像読み込み (0.02秒, RAM: 2199.0MB, GPU: 2805.5MB)
カラー判定: 最大チャンネル差分=0.016, 閾値=0.01, 結果=カラー
スキップ: カラー画像です - preprocessed_manga_preprocessed_manga_0004.jpg

進捗: 47/58 - preprocessed_manga_preprocessed_manga_0008.jpg
🔄 開始: 画像読み込み (RAM: 2199.0MB, GPU: 2805.5MB)
✅ 完了: 画像読み込み (0.03秒, RAM: 2199.0MB, GPU: 2805.5MB)
カラー判定: 最大チャンネル差分=0.019, 閾値=0.01, 結果=カラー
スキップ: カラー画像です - preprocessed_manga_preprocessed_manga_0008.jpg

進捗: 48/58 - preprocessed_manga_preprocessed_manga_0012.jpg
🔄 開始: 画像読み込み (RAM: 2199.0MB, GPU: 2805.5MB)
✅ 完了: 画像読み込み (0.03秒, RAM: 2199.0MB, GPU: 2805.5MB)
カラー判定: 最大チャンネル差分=0.018, 閾値=0.01, 結果=カラー
スキップ: カラー画像です - preprocessed_manga_preprocessed_manga_0012.jpg

進捗: 49/58 - preprocessed_manga_preprocessed_manga_0013.jpg
🔄 開始: 画像読み込み (RAM: 2199.0MB, GPU: 2805.5MB)
✅ 完了: 画像読み込み (0.03秒, RAM: 2199.0MB, GPU: 2805.5MB)
カラー判定: 最大チャンネル差分=0.014, 閾値=0.01, 結果=カラー
スキップ: カラー画像です - preprocessed_manga_preprocessed_manga_0013.jpg

進捗: 50/58 - preprocessed_manga_preprocessed_manga_0014.jpg
🔄 開始: 画像読み込み (RAM: 2199.0MB, GPU: 2805.5MB)
✅ 完了: 画像読み込み (0.03秒, RAM: 2199.0MB, GPU: 2805.5MB)
カラー判定: 最大チャンネル差分=0.027, 閾値=0.01, 結果=カラー
スキップ: カラー画像です - preprocessed_manga_preprocessed_manga_0014.jpg

進捗: 51/58 - preprocessed_manga_preprocessed_manga_0015.jpg
🔄 開始: 画像読み込み (RAM: 2199.0MB, GPU: 2805.5MB)
✅ 完了: 画像読み込み (0.03秒, RAM: 2199.0MB, GPU: 2805.5MB)
カラー判定: 最大チャンネル差分=0.013, 閾値=0.01, 結果=カラー
スキップ: カラー画像です - preprocessed_manga_preprocessed_manga_0015.jpg

進捗: 52/58 - preprocessed_manga_preprocessed_manga_0020.jpg
🔄 開始: 画像読み込み (RAM: 2199.0MB, GPU: 2805.5MB)
✅ 完了: 画像読み込み (0.03秒, RAM: 2199.0MB, GPU: 2805.5MB)
カラー判定: 最大チャンネル差分=0.011, 閾値=0.01, 結果=カラー
スキップ: カラー画像です - preprocessed_manga_preprocessed_manga_0020.jpg

進捗: 53/58 - preprocessed_manga_preprocessed_manga_0021.jpg
🔄 開始: 画像読み込み (RAM: 2199.0MB, GPU: 2805.5MB)
✅ 完了: 画像読み込み (0.03秒, RAM: 2199.0MB, GPU: 2805.5MB)
カラー判定: 最大チャンネル差分=0.018, 閾値=0.01, 結果=カラー
スキップ: カラー画像です - preprocessed_manga_preprocessed_manga_0021.jpg

進捗: 54/58 - preprocessed_manga_preprocessed_manga_0022.jpg
🔄 開始: 画像読み込み (RAM: 2199.0MB, GPU: 2805.5MB)
✅ 完了: 画像読み込み (0.03秒, RAM: 2199.0MB, GPU: 2805.5MB)
カラー判定: 最大チャンネル差分=0.016, 閾値=0.01, 結果=カラー
スキップ: カラー画像です - preprocessed_manga_preprocessed_manga_0022.jpg

進捗: 55/58 - preprocessed_manga_preprocessed_manga_0023.jpg
🔄 開始: 画像読み込み (RAM: 2199.0MB, GPU: 2805.5MB)
✅ 完了: 画像読み込み (0.03秒, RAM: 2199.0MB, GPU: 2805.5MB)
カラー判定: 最大チャンネル差分=0.022, 閾値=0.01, 結果=カラー
スキップ: カラー画像です - preprocessed_manga_preprocessed_manga_0023.jpg

進捗: 56/58 - preprocessed_manga_preprocessed_manga_0024.jpg
🔄 開始: 画像読み込み (RAM: 2199.0MB, GPU: 2805.5MB)
✅ 完了: 画像読み込み (0.03秒, RAM: 2199.0MB, GPU: 2805.5MB)
カラー判定: 最大チャンネル差分=0.016, 閾値=0.01, 結果=カラー
スキップ: カラー画像です - preprocessed_manga_preprocessed_manga_0024.jpg

進捗: 57/58 - preprocessed_manga_preprocessed_manga_0027.jpg
🔄 開始: 画像読み込み (RAM: 2199.0MB, GPU: 2805.5MB)
✅ 完了: 画像読み込み (0.01秒, RAM: 2199.0MB, GPU: 2805.5MB)
カラー判定: 最大チャンネル差分=0.050, 閾値=0.01, 結果=カラー
スキップ: カラー画像です - preprocessed_manga_preprocessed_manga_0027.jpg

進捗: 58/58 - preprocessed_manga_preprocessed_manga_0028.jpg
🔄 開始: 画像読み込み (RAM: 2199.0MB, GPU: 2805.5MB)
✅ 完了: 画像読み込み (0.03秒, RAM: 2199.0MB, GPU: 2805.5MB)
カラー判定: 最大チャンネル差分=41.515, 閾値=0.01, 結果=カラー
スキップ: カラー画像です - preprocessed_manga_preprocessed_manga_0028.jpg

📊 処理完了統計:
  ✅ 成功: 27/58 枚
  ⏭️ スキップ: 31 枚
  📈 再現率: 20.5% (手動抽出132枚に対して)

=== パフォーマンス サマリー ===
総処理時間: 1538.17秒
  SAMモデル読み込み: 13.51秒 (0.9%)
  YOLOモデル読み込み: 0.73秒 (0.0%)
  ファイル収集: 0.06秒 (0.0%)
  画像読み込み: 0.03秒 (0.0%)
  SAMマスク生成: 18.24秒 (1.2%)
  YOLO人物検出フィルタリング: 0.12秒 (0.0%)
==============================
🎉 再現自動抽出が完了しました！
