2025-07-26 06:07:38,277 - INFO - モデル初期化中...
2025-07-26 06:07:38,441 - INFO - Using device: cuda
2025-07-26 06:07:53,972 - INFO - ✅ SAMモデル初期化完了
2025-07-26 06:07:54,096 - INFO - ✅ YOLOモデル初期化完了
2025-07-26 06:07:54,105 - INFO - バッチ処理開始: 26枚の画像
2025-07-26 06:07:54,105 - INFO - 入力: /mnt/c/AItools/lora/train/yado/org/kana08
2025-07-26 06:07:54,105 - INFO - 出力: /mnt/c/AItools/lora/train/yado/clipped_boundingbox/kana08_rev_merge
2025-07-26 06:07:54,105 - INFO - [1/26] 処理中: kana08_0000_cover.jpg
2025-07-26 06:07:54,570 - WARNING -   ❌ キャラクター検出失敗
2025-07-26 06:07:54,570 - INFO - [2/26] 処理中: kana08_0001.jpg
2025-07-26 06:07:55,308 - INFO -   ✅ 成功 (信頼度: 0.617, 品質: C)
2025-07-26 06:07:55,308 - INFO - [3/26] 処理中: kana08_0002.jpg
2025-07-26 06:07:55,855 - INFO -   ✅ 成功 (信頼度: 0.371, 品質: D)
2025-07-26 06:07:55,855 - INFO - [4/26] 処理中: kana08_0003.jpg
2025-07-26 06:07:56,436 - INFO -   ✅ 成功 (信頼度: 0.562, 品質: C)
2025-07-26 06:07:56,436 - INFO - [5/26] 処理中: kana08_0004.jpg
2025-07-26 06:07:57,006 - INFO -   ✅ 成功 (信頼度: 0.447, 品質: D)
2025-07-26 06:07:57,006 - INFO - 進捗: 5/26 (19.2%) - 残り時間: 12秒
2025-07-26 06:07:57,006 - INFO - [6/26] 処理中: kana08_0005.jpg
2025-07-26 06:07:57,578 - INFO -   ✅ 成功 (信頼度: 0.473, 品質: D)
2025-07-26 06:07:57,578 - INFO - [7/26] 処理中: kana08_0006.jpg
2025-07-26 06:07:58,148 - INFO -   ✅ 成功 (信頼度: 0.282, 品質: D)
2025-07-26 06:07:58,149 - INFO - [8/26] 処理中: kana08_0007.jpg
2025-07-26 06:07:58,731 - INFO -   ✅ 成功 (信頼度: 0.534, 品質: D)
2025-07-26 06:07:58,732 - INFO - [9/26] 処理中: kana08_0008.jpg
2025-07-26 06:07:59,304 - INFO -   ✅ 成功 (信頼度: 0.503, 品質: C)
2025-07-26 06:07:59,305 - INFO - [10/26] 処理中: kana08_0009.jpg
2025-07-26 06:07:59,870 - INFO -   ✅ 成功 (信頼度: 0.306, 品質: E)
2025-07-26 06:07:59,871 - INFO - 進捗: 10/26 (38.5%) - 残り時間: 9秒
2025-07-26 06:07:59,871 - INFO - [11/26] 処理中: kana08_0010.jpg
2025-07-26 06:08:00,427 - INFO -   ✅ 成功 (信頼度: 0.262, 品質: B)
2025-07-26 06:08:00,427 - INFO - [12/26] 処理中: kana08_0011.jpg
2025-07-26 06:08:00,473 - WARNING -   ❌ キャラクター検出失敗
2025-07-26 06:08:00,473 - INFO - [13/26] 処理中: kana08_0012.jpg
2025-07-26 06:08:00,522 - WARNING -   ❌ キャラクター検出失敗
2025-07-26 06:08:00,522 - INFO - [14/26] 処理中: kana08_0013.jpg
2025-07-26 06:08:01,075 - INFO -   ✅ 成功 (信頼度: 0.676, 品質: D)
2025-07-26 06:08:01,075 - INFO - [15/26] 処理中: kana08_0014.jpg
2025-07-26 06:08:01,641 - INFO -   ✅ 成功 (信頼度: 0.333, 品質: D)
2025-07-26 06:08:01,642 - INFO - 進捗: 15/26 (57.7%) - 残り時間: 6秒
2025-07-26 06:08:01,642 - INFO - [16/26] 処理中: kana08_0015.jpg
2025-07-26 06:08:02,217 - INFO -   ✅ 成功 (信頼度: 0.431, 品質: C)
2025-07-26 06:08:02,217 - INFO - [17/26] 処理中: kana08_0016.jpg
2025-07-26 06:08:02,289 - WARNING -   ❌ キャラクター検出失敗
2025-07-26 06:08:02,289 - INFO - [18/26] 処理中: kana08_0017.jpg
2025-07-26 06:08:02,874 - INFO -   ✅ 成功 (信頼度: 0.251, 品質: E)
2025-07-26 06:08:02,874 - INFO - [19/26] 処理中: kana08_0018.jpg
2025-07-26 06:08:02,941 - WARNING -   ❌ キャラクター検出失敗
2025-07-26 06:08:02,941 - INFO - [20/26] 処理中: kana08_0019.jpg
2025-07-26 06:08:03,550 - INFO -   ✅ 成功 (信頼度: 0.473, 品質: C)
2025-07-26 06:08:03,550 - INFO - 進捗: 20/26 (76.9%) - 残り時間: 3秒
2025-07-26 06:08:03,550 - INFO - [21/26] 処理中: kana08_0020.jpg
2025-07-26 06:08:03,626 - WARNING -   ❌ キャラクター検出失敗
2025-07-26 06:08:03,627 - INFO - [22/26] 処理中: kana08_0021.jpg
2025-07-26 06:08:03,701 - WARNING -   ❌ キャラクター検出失敗
2025-07-26 06:08:03,702 - INFO - [23/26] 処理中: kana08_0022.jpg
2025-07-26 06:08:03,777 - WARNING -   ❌ キャラクター検出失敗
2025-07-26 06:08:03,777 - INFO - [24/26] 処理中: kana08_0023.jpg
2025-07-26 06:08:03,845 - WARNING -   ❌ キャラクター検出失敗
2025-07-26 06:08:03,846 - INFO - [25/26] 処理中: kana08_0024.jpg
2025-07-26 06:08:04,384 - INFO -   ✅ 成功 (信頼度: 0.368, 品質: D)
2025-07-26 06:08:04,384 - INFO - 進捗: 25/26 (96.2%) - 残り時間: 0秒
2025-07-26 06:08:04,385 - INFO - [26/26] 処理中: kana08_0025_cover.jpg
2025-07-26 06:08:04,464 - WARNING -   ❌ キャラクター検出失敗
2025-07-26 06:08:04,465 - INFO - ==================================================
2025-07-26 06:08:04,465 - INFO - バッチ処理完了
2025-07-26 06:08:04,465 - INFO - 総処理時間: 10.4秒
2025-07-26 06:08:04,465 - INFO - 平均処理時間: 0.4秒/画像
2025-07-26 06:08:04,465 - INFO - 成功: 16/26 (61.5%)
2025-07-26 06:08:04,465 - INFO - 
2025-07-26 06:08:04,465 - INFO - 品質分布:
2025-07-26 06:08:04,465 - INFO -   A評価: 0枚 (0.0%)
2025-07-26 06:08:04,465 - INFO -   B評価: 1枚 (6.2%)
2025-07-26 06:08:04,465 - INFO -   C評価: 5枚 (31.2%)
2025-07-26 06:08:04,465 - INFO -   D評価: 8枚 (50.0%)
2025-07-26 06:08:04,465 - INFO -   E評価: 2枚 (12.5%)
2025-07-26 06:08:04,465 - INFO - 
2025-07-26 06:08:04,465 - INFO - 統計:
2025-07-26 06:08:04,465 - INFO -   平均信頼度: 0.431
2025-07-26 06:08:04,465 - INFO -   平均SAMスコア: 0.965
2025-07-26 06:08:04,465 - INFO -   平均マスク比率: 0.109
2025-07-26 06:08:04,465 - INFO - 
2025-07-26 06:08:04,465 - INFO - 失敗ファイル:
2025-07-26 06:08:04,465 - INFO -   - kana08_0000_cover.jpg: キャラクター検出失敗
2025-07-26 06:08:04,465 - INFO -   - kana08_0011.jpg: キャラクター検出失敗
2025-07-26 06:08:04,465 - INFO -   - kana08_0012.jpg: キャラクター検出失敗
2025-07-26 06:08:04,465 - INFO -   - kana08_0016.jpg: キャラクター検出失敗
2025-07-26 06:08:04,465 - INFO -   - kana08_0018.jpg: キャラクター検出失敗
2025-07-26 06:08:04,465 - INFO -   - kana08_0020.jpg: キャラクター検出失敗
2025-07-26 06:08:04,465 - INFO -   - kana08_0021.jpg: キャラクター検出失敗
2025-07-26 06:08:04,465 - INFO -   - kana08_0022.jpg: キャラクター検出失敗
2025-07-26 06:08:04,465 - INFO -   - kana08_0023.jpg: キャラクター検出失敗
2025-07-26 06:08:04,465 - INFO -   - kana08_0025_cover.jpg: キャラクター検出失敗
2025-07-26 06:08:04,468 - INFO - レポート保存: /mnt/c/AItools/lora/train/yado/clipped_boundingbox/kana08_rev_merge/extraction_report.json
2025-07-26 06:08:04,471 - INFO - サマリー保存: /mnt/c/AItools/lora/train/yado/clipped_boundingbox/kana08_rev_merge/extraction_summary.txt
