2025-07-26 06:03:51,939 - INFO - モデル初期化中...
2025-07-26 06:03:52,112 - INFO - バッチ処理開始: 26枚の画像
2025-07-26 06:03:52,113 - INFO - 入力: /mnt/c/AItools/lora/train/yado/org/kana08
2025-07-26 06:03:52,113 - INFO - 出力: /mnt/c/AItools/lora/train/yado/clipped_boundingbox/kana08_rev_merge
2025-07-26 06:03:52,113 - INFO - [1/26] 処理中: kana08_0000_cover.jpg
2025-07-26 06:03:53,336 - WARNING -   ❌ 失敗 - キャラクター抽出失敗
2025-07-26 06:03:53,337 - INFO - [2/26] 処理中: kana08_0001.jpg
2025-07-26 06:03:53,398 - ERROR - 抽出エラー: 'x2'
2025-07-26 06:03:53,398 - WARNING -   ❌ 失敗 - キャラクター抽出失敗
2025-07-26 06:03:53,398 - INFO - [3/26] 処理中: kana08_0002.jpg
2025-07-26 06:03:53,455 - ERROR - 抽出エラー: 'x2'
2025-07-26 06:03:53,455 - WARNING -   ❌ 失敗 - キャラクター抽出失敗
2025-07-26 06:03:53,455 - INFO - [4/26] 処理中: kana08_0003.jpg
2025-07-26 06:03:53,511 - ERROR - 抽出エラー: 'x2'
2025-07-26 06:03:53,512 - WARNING -   ❌ 失敗 - キャラクター抽出失敗
2025-07-26 06:03:53,512 - INFO - [5/26] 処理中: kana08_0004.jpg
2025-07-26 06:03:53,555 - ERROR - 抽出エラー: 'x2'
2025-07-26 06:03:53,556 - WARNING -   ❌ 失敗 - キャラクター抽出失敗
2025-07-26 06:03:53,556 - INFO - [6/26] 処理中: kana08_0005.jpg
2025-07-26 06:03:53,599 - ERROR - 抽出エラー: 'x2'
2025-07-26 06:03:53,599 - WARNING -   ❌ 失敗 - キャラクター抽出失敗
2025-07-26 06:03:53,599 - INFO - [7/26] 処理中: kana08_0006.jpg
2025-07-26 06:03:53,648 - ERROR - 抽出エラー: 'x2'
2025-07-26 06:03:53,648 - WARNING -   ❌ 失敗 - キャラクター抽出失敗
2025-07-26 06:03:53,648 - INFO - [8/26] 処理中: kana08_0007.jpg
2025-07-26 06:03:53,704 - ERROR - 抽出エラー: 'x2'
2025-07-26 06:03:53,704 - WARNING -   ❌ 失敗 - キャラクター抽出失敗
2025-07-26 06:03:53,705 - INFO - [9/26] 処理中: kana08_0008.jpg
2025-07-26 06:03:53,745 - ERROR - 抽出エラー: 'x2'
2025-07-26 06:03:53,745 - WARNING -   ❌ 失敗 - キャラクター抽出失敗
2025-07-26 06:03:53,745 - INFO - [10/26] 処理中: kana08_0009.jpg
2025-07-26 06:03:53,781 - ERROR - 抽出エラー: 'x2'
2025-07-26 06:03:53,781 - WARNING -   ❌ 失敗 - キャラクター抽出失敗
2025-07-26 06:03:53,781 - INFO - [11/26] 処理中: kana08_0010.jpg
2025-07-26 06:03:53,819 - ERROR - 抽出エラー: 'x2'
2025-07-26 06:03:53,819 - WARNING -   ❌ 失敗 - キャラクター抽出失敗
2025-07-26 06:03:53,819 - INFO - [12/26] 処理中: kana08_0011.jpg
2025-07-26 06:03:53,858 - WARNING -   ❌ 失敗 - キャラクター抽出失敗
2025-07-26 06:03:53,858 - INFO - [13/26] 処理中: kana08_0012.jpg
2025-07-26 06:03:53,900 - WARNING -   ❌ 失敗 - キャラクター抽出失敗
2025-07-26 06:03:53,901 - INFO - [14/26] 処理中: kana08_0013.jpg
2025-07-26 06:03:53,949 - ERROR - 抽出エラー: 'x2'
2025-07-26 06:03:53,949 - WARNING -   ❌ 失敗 - キャラクター抽出失敗
2025-07-26 06:03:53,949 - INFO - [15/26] 処理中: kana08_0014.jpg
2025-07-26 06:03:53,994 - ERROR - 抽出エラー: 'x2'
2025-07-26 06:03:53,994 - WARNING -   ❌ 失敗 - キャラクター抽出失敗
2025-07-26 06:03:53,994 - INFO - [16/26] 処理中: kana08_0015.jpg
2025-07-26 06:03:54,053 - ERROR - 抽出エラー: 'x2'
2025-07-26 06:03:54,053 - WARNING -   ❌ 失敗 - キャラクター抽出失敗
2025-07-26 06:03:54,053 - INFO - [17/26] 処理中: kana08_0016.jpg
2025-07-26 06:03:54,112 - WARNING -   ❌ 失敗 - キャラクター抽出失敗
2025-07-26 06:03:54,112 - INFO - [18/26] 処理中: kana08_0017.jpg
2025-07-26 06:03:54,175 - ERROR - 抽出エラー: 'x2'
2025-07-26 06:03:54,175 - WARNING -   ❌ 失敗 - キャラクター抽出失敗
2025-07-26 06:03:54,175 - INFO - [19/26] 処理中: kana08_0018.jpg
2025-07-26 06:03:54,236 - WARNING -   ❌ 失敗 - キャラクター抽出失敗
2025-07-26 06:03:54,236 - INFO - [20/26] 処理中: kana08_0019.jpg
2025-07-26 06:03:54,301 - ERROR - 抽出エラー: 'x2'
2025-07-26 06:03:54,302 - WARNING -   ❌ 失敗 - キャラクター抽出失敗
2025-07-26 06:03:54,302 - INFO - [21/26] 処理中: kana08_0020.jpg
2025-07-26 06:03:54,352 - WARNING -   ❌ 失敗 - キャラクター抽出失敗
2025-07-26 06:03:54,352 - INFO - [22/26] 処理中: kana08_0021.jpg
2025-07-26 06:03:54,401 - WARNING -   ❌ 失敗 - キャラクター抽出失敗
2025-07-26 06:03:54,401 - INFO - [23/26] 処理中: kana08_0022.jpg
2025-07-26 06:03:54,450 - WARNING -   ❌ 失敗 - キャラクター抽出失敗
2025-07-26 06:03:54,450 - INFO - [24/26] 処理中: kana08_0023.jpg
2025-07-26 06:03:54,498 - WARNING -   ❌ 失敗 - キャラクター抽出失敗
2025-07-26 06:03:54,498 - INFO - [25/26] 処理中: kana08_0024.jpg
2025-07-26 06:03:54,534 - ERROR - 抽出エラー: 'x2'
2025-07-26 06:03:54,534 - WARNING -   ❌ 失敗 - キャラクター抽出失敗
2025-07-26 06:03:54,534 - INFO - [26/26] 処理中: kana08_0025_cover.jpg
2025-07-26 06:03:54,592 - WARNING -   ❌ 失敗 - キャラクター抽出失敗
2025-07-26 06:03:54,592 - INFO - ==================================================
2025-07-26 06:03:54,592 - INFO - バッチ処理完了
2025-07-26 06:03:54,593 - INFO - 総処理時間: 2.5秒
2025-07-26 06:03:54,593 - INFO - 平均処理時間: 0.1秒/画像
2025-07-26 06:03:54,593 - INFO - 成功: 0/26 (0.0%)
2025-07-26 06:03:54,593 - INFO - 平均信頼度: 0.000 (最小: 0.000, 最大: 0.000)
2025-07-26 06:03:54,593 - INFO - 
2025-07-26 06:03:54,593 - INFO - 失敗ファイル:
2025-07-26 06:03:54,593 - INFO -   - kana08_0000_cover.jpg: キャラクター抽出失敗
2025-07-26 06:03:54,593 - INFO -   - kana08_0001.jpg: キャラクター抽出失敗
2025-07-26 06:03:54,593 - INFO -   - kana08_0002.jpg: キャラクター抽出失敗
2025-07-26 06:03:54,593 - INFO -   - kana08_0003.jpg: キャラクター抽出失敗
2025-07-26 06:03:54,593 - INFO -   - kana08_0004.jpg: キャラクター抽出失敗
2025-07-26 06:03:54,593 - INFO -   - kana08_0005.jpg: キャラクター抽出失敗
2025-07-26 06:03:54,593 - INFO -   - kana08_0006.jpg: キャラクター抽出失敗
2025-07-26 06:03:54,593 - INFO -   - kana08_0007.jpg: キャラクター抽出失敗
2025-07-26 06:03:54,593 - INFO -   - kana08_0008.jpg: キャラクター抽出失敗
2025-07-26 06:03:54,593 - INFO -   - kana08_0009.jpg: キャラクター抽出失敗
2025-07-26 06:03:54,593 - INFO -   - kana08_0010.jpg: キャラクター抽出失敗
2025-07-26 06:03:54,593 - INFO -   - kana08_0011.jpg: キャラクター抽出失敗
2025-07-26 06:03:54,593 - INFO -   - kana08_0012.jpg: キャラクター抽出失敗
2025-07-26 06:03:54,593 - INFO -   - kana08_0013.jpg: キャラクター抽出失敗
2025-07-26 06:03:54,593 - INFO -   - kana08_0014.jpg: キャラクター抽出失敗
2025-07-26 06:03:54,593 - INFO -   - kana08_0015.jpg: キャラクター抽出失敗
2025-07-26 06:03:54,593 - INFO -   - kana08_0016.jpg: キャラクター抽出失敗
2025-07-26 06:03:54,593 - INFO -   - kana08_0017.jpg: キャラクター抽出失敗
2025-07-26 06:03:54,593 - INFO -   - kana08_0018.jpg: キャラクター抽出失敗
2025-07-26 06:03:54,593 - INFO -   - kana08_0019.jpg: キャラクター抽出失敗
2025-07-26 06:03:54,593 - INFO -   - kana08_0020.jpg: キャラクター抽出失敗
2025-07-26 06:03:54,593 - INFO -   - kana08_0021.jpg: キャラクター抽出失敗
2025-07-26 06:03:54,593 - INFO -   - kana08_0022.jpg: キャラクター抽出失敗
2025-07-26 06:03:54,593 - INFO -   - kana08_0023.jpg: キャラクター抽出失敗
2025-07-26 06:03:54,593 - INFO -   - kana08_0024.jpg: キャラクター抽出失敗
2025-07-26 06:03:54,593 - INFO -   - kana08_0025_cover.jpg: キャラクター抽出失敗
2025-07-26 06:03:54,595 - INFO - レポート保存: /mnt/c/AItools/lora/train/yado/clipped_boundingbox/kana08_rev_merge/extraction_report.json
2025-07-26 06:03:54,598 - INFO - サマリー保存: /mnt/c/AItools/lora/train/yado/clipped_boundingbox/kana08_rev_merge/extraction_summary.txt
✅ YOLO yolov8n.pt loaded on cuda
