2025-07-24 17:02:46,619 - INFO - モデル初期化中...
2025-07-24 17:03:27,040 - INFO - モデル初期化完了
2025-07-24 17:03:27,058 - INFO - バッチ処理開始: 26枚の画像
2025-07-24 17:03:27,058 - INFO - 入力: /mnt/c/AItools/lora/train/yado/org/kana08
2025-07-24 17:03:27,058 - INFO - 出力: /mnt/c/AItools/lora/train/yado/clipped_boundingbox/kana08_rev_merge
2025-07-24 17:03:27,058 - INFO - [1/26] 処理中: kana08_0000_cover.jpg

0: 640x480 1 traffic light, 1 umbrella, 1 sports ball, 1 chair, 34.8ms
Speed: 25.0ms preprocess, 34.8ms inference, 511.3ms postprocess per image at shape (1, 3, 640, 480)
2025-07-24 17:06:24,379 - INFO -   ✅ 抽出成功
2025-07-24 17:06:24,380 - INFO - [2/26] 処理中: kana08_0001.jpg

0: 640x480 8 persons, 1 frisbee, 1 snowboard, 1 surfboard, 3 clocks, 11.5ms
Speed: 2.1ms preprocess, 11.5ms inference, 2.4ms postprocess per image at shape (1, 3, 640, 480)
2025-07-24 17:06:27,998 - INFO -   ✅ 抽出成功
2025-07-24 17:06:27,998 - INFO - [3/26] 処理中: kana08_0002.jpg

0: 640x480 3 persons, 2 frisbees, 1 snowboard, 2 surfboards, 2 clocks, 4.4ms
Speed: 1.5ms preprocess, 4.4ms inference, 1.3ms postprocess per image at shape (1, 3, 640, 480)
2025-07-24 17:06:30,982 - INFO -   ✅ 抽出成功
2025-07-24 17:06:30,982 - INFO - [4/26] 処理中: kana08_0003.jpg

0: 640x480 5 persons, 1 traffic light, 1 umbrella, 4 ties, 1 kite, 4 clocks, 4.8ms
Speed: 1.7ms preprocess, 4.8ms inference, 1.2ms postprocess per image at shape (1, 3, 640, 480)
2025-07-24 17:06:34,221 - INFO -   ✅ 抽出成功
2025-07-24 17:06:34,221 - INFO - [5/26] 処理中: kana08_0004.jpg

0: 640x480 17 persons, 1 skis, 2 kites, 1 baseball bat, 2 surfboards, 7 clocks, 13.7ms
Speed: 2.0ms preprocess, 13.7ms inference, 3.1ms postprocess per image at shape (1, 3, 640, 480)
2025-07-24 17:06:37,693 - INFO -   ✅ 抽出成功
2025-07-24 17:06:37,694 - INFO - 進捗: 5/26 - 平均: 38.1秒/画像
2025-07-24 17:06:37,694 - INFO - [6/26] 処理中: kana08_0005.jpg

0: 640x480 23 persons, 1 backpack, 3 ties, 1 frisbee, 3 snowboards, 3 surfboards, 1 cup, 9 clocks, 5.0ms
Speed: 1.7ms preprocess, 5.0ms inference, 1.5ms postprocess per image at shape (1, 3, 640, 480)
2025-07-24 17:06:40,993 - INFO -   ✅ 抽出成功
2025-07-24 17:06:40,994 - INFO - [7/26] 処理中: kana08_0006.jpg

0: 640x480 8 persons, 5 ties, 2 frisbees, 1 sports ball, 1 tennis racket, 5 clocks, 4.7ms
Speed: 1.5ms preprocess, 4.7ms inference, 1.3ms postprocess per image at shape (1, 3, 640, 480)
2025-07-24 17:06:44,369 - INFO -   ✅ 抽出成功
2025-07-24 17:06:44,369 - INFO - [8/26] 処理中: kana08_0007.jpg

0: 640x480 9 persons, 1 umbrella, 1 frisbee, 1 surfboard, 1 toilet, 8 clocks, 4.5ms
Speed: 1.7ms preprocess, 4.5ms inference, 1.2ms postprocess per image at shape (1, 3, 640, 480)
2025-07-24 17:06:47,649 - INFO -   ✅ 抽出成功
2025-07-24 17:06:47,649 - INFO - [9/26] 処理中: kana08_0008.jpg

0: 640x480 4 persons, 8 umbrellas, 2 kites, 1 potted plant, 4 clocks, 11.4ms
Speed: 1.6ms preprocess, 11.4ms inference, 3.0ms postprocess per image at shape (1, 3, 640, 480)
2025-07-24 17:06:50,878 - INFO -   ✅ 抽出成功
2025-07-24 17:06:50,879 - INFO - [10/26] 処理中: kana08_0009.jpg

0: 640x480 3 persons, 1 airplane, 1 umbrella, 3 kites, 7 surfboards, 1 cake, 2 clocks, 4.7ms
Speed: 1.6ms preprocess, 4.7ms inference, 1.3ms postprocess per image at shape (1, 3, 640, 480)
2025-07-24 17:06:53,703 - INFO -   ✅ 抽出成功
2025-07-24 17:06:53,704 - INFO - 進捗: 10/26 - 平均: 20.7秒/画像
2025-07-24 17:06:53,704 - INFO - [11/26] 処理中: kana08_0010.jpg

0: 640x480 3 persons, 1 umbrella, 1 frisbee, 3 clocks, 4.5ms
Speed: 1.5ms preprocess, 4.5ms inference, 1.2ms postprocess per image at shape (1, 3, 640, 480)
2025-07-24 17:06:56,820 - INFO -   ✅ 抽出成功
2025-07-24 17:06:56,821 - INFO - [12/26] 処理中: kana08_0011.jpg

0: 640x480 1 person, 5 umbrellas, 12 clocks, 6.4ms
Speed: 1.6ms preprocess, 6.4ms inference, 2.0ms postprocess per image at shape (1, 3, 640, 480)
2025-07-24 17:07:00,342 - INFO -   ✅ 抽出成功
2025-07-24 17:07:00,342 - INFO - [13/26] 処理中: kana08_0012.jpg

0: 640x480 1 person, 1 airplane, 1 truck, 1 kite, 6 clocks, 4.5ms
Speed: 1.7ms preprocess, 4.5ms inference, 1.2ms postprocess per image at shape (1, 3, 640, 480)
2025-07-24 17:08:45,831 - INFO -   ✅ 抽出成功
2025-07-24 17:08:45,832 - INFO - [14/26] 処理中: kana08_0013.jpg

0: 640x480 5 persons, 15 umbrellas, 2 kites, 2 clocks, 4.5ms
Speed: 1.6ms preprocess, 4.5ms inference, 1.2ms postprocess per image at shape (1, 3, 640, 480)
2025-07-24 17:08:48,956 - INFO -   ✅ 抽出成功
2025-07-24 17:08:48,957 - INFO - [15/26] 処理中: kana08_0014.jpg

0: 640x480 3 persons, 2 umbrellas, 1 snowboard, 2 clocks, 4.3ms
Speed: 1.6ms preprocess, 4.3ms inference, 1.3ms postprocess per image at shape (1, 3, 640, 480)
2025-07-24 17:08:52,134 - INFO -   ✅ 抽出成功
2025-07-24 17:08:52,134 - INFO - 進捗: 15/26 - 平均: 21.7秒/画像
2025-07-24 17:08:52,134 - INFO - [16/26] 処理中: kana08_0015.jpg

0: 640x480 3 persons, 1 sports ball, 1 baseball glove, 1 surfboard, 11 clocks, 4.3ms
Speed: 1.6ms preprocess, 4.3ms inference, 1.3ms postprocess per image at shape (1, 3, 640, 480)
2025-07-24 17:08:55,165 - INFO -   ✅ 抽出成功
2025-07-24 17:08:55,165 - INFO - [17/26] 処理中: kana08_0016.jpg

0: 640x480 3 persons, 1 kite, 2 surfboards, 4 clocks, 4.4ms
Speed: 1.4ms preprocess, 4.4ms inference, 1.2ms postprocess per image at shape (1, 3, 640, 480)
2025-07-24 17:08:58,325 - INFO -   ✅ 抽出成功
2025-07-24 17:08:58,325 - INFO - [18/26] 処理中: kana08_0017.jpg

0: 640x480 8 persons, 7 umbrellas, 1 tie, 3 surfboards, 9 clocks, 11.1ms
Speed: 1.6ms preprocess, 11.1ms inference, 3.4ms postprocess per image at shape (1, 3, 640, 480)
2025-07-24 17:09:01,748 - INFO -   ✅ 抽出成功
2025-07-24 17:09:01,749 - INFO - [19/26] 処理中: kana08_0018.jpg

0: 640x480 1 person, 13 clocks, 4.5ms
Speed: 1.5ms preprocess, 4.5ms inference, 1.2ms postprocess per image at shape (1, 3, 640, 480)
2025-07-24 17:09:04,774 - INFO -   ✅ 抽出成功
2025-07-24 17:09:04,774 - INFO - [20/26] 処理中: kana08_0019.jpg

0: 640x480 4 persons, 3 umbrellas, 1 potted plant, 4 clocks, 4.4ms
Speed: 1.6ms preprocess, 4.4ms inference, 1.2ms postprocess per image at shape (1, 3, 640, 480)
2025-07-24 17:09:07,540 - INFO -   ✅ 抽出成功
2025-07-24 17:09:07,541 - INFO - 進捗: 20/26 - 平均: 17.0秒/画像
2025-07-24 17:09:07,541 - INFO - [21/26] 処理中: kana08_0020.jpg

0: 640x480 1 person, 7 clocks, 5.8ms
Speed: 1.6ms preprocess, 5.8ms inference, 1.7ms postprocess per image at shape (1, 3, 640, 480)
2025-07-24 17:09:10,468 - INFO -   ✅ 抽出成功
2025-07-24 17:09:10,468 - INFO - [22/26] 処理中: kana08_0021.jpg

0: 640x480 2 persons, 1 airplane, 3 umbrellas, 4 clocks, 4.9ms
Speed: 1.5ms preprocess, 4.9ms inference, 1.3ms postprocess per image at shape (1, 3, 640, 480)
2025-07-24 17:09:13,536 - INFO -   ✅ 抽出成功
2025-07-24 17:09:13,536 - INFO - [23/26] 処理中: kana08_0022.jpg

0: 640x480 4 persons, 2 umbrellas, 1 tie, 2 frisbees, 1 potted plant, 2 clocks, 4.4ms
Speed: 1.6ms preprocess, 4.4ms inference, 1.3ms postprocess per image at shape (1, 3, 640, 480)
2025-07-24 17:09:16,691 - INFO -   ✅ 抽出成功
2025-07-24 17:09:16,691 - INFO - [24/26] 処理中: kana08_0023.jpg

0: 640x480 (no detections), 4.4ms
Speed: 1.9ms preprocess, 4.4ms inference, 0.6ms postprocess per image at shape (1, 3, 640, 480)
2025-07-24 17:09:16,764 - WARNING -   ❌ キャラクター未検出
2025-07-24 17:09:16,764 - INFO - [25/26] 処理中: kana08_0024.jpg

0: 640x480 7 persons, 2 umbrellas, 1 frisbee, 8 clocks, 4.3ms
Speed: 1.5ms preprocess, 4.3ms inference, 1.2ms postprocess per image at shape (1, 3, 640, 480)
2025-07-24 17:09:19,893 - INFO -   ✅ 抽出成功
2025-07-24 17:09:19,894 - INFO - 進捗: 25/26 - 平均: 14.1秒/画像
2025-07-24 17:09:19,894 - INFO - [26/26] 処理中: kana08_0025_cover.jpg

0: 640x480 1 airplane, 1 umbrella, 1 snowboard, 1 surfboard, 4.6ms
Speed: 1.6ms preprocess, 4.6ms inference, 1.3ms postprocess per image at shape (1, 3, 640, 480)
2025-07-24 17:12:16,824 - INFO -   ✅ 抽出成功
2025-07-24 17:12:16,824 - INFO - ==================================================
2025-07-24 17:12:16,824 - INFO - バッチ処理完了
2025-07-24 17:12:16,824 - INFO - 成功: 25/26 (96.2%)
2025-07-24 17:12:16,824 - INFO - 総時間: 529.8秒 (20.4秒/画像)
